\BOOKMARK [0][-]{chapter.1}{\376\377\0001\000\040\000F\000a\000s\000t\000C\000h\000a\000r\000g\000e\000S\000A\000E\000\040\000V\000C\000U\000\040\000f\000i\000r\000m\000w\000a\000r\000e}{}% 1
\BOOKMARK [0][-]{chapter.2}{\376\377\0002\000\040\000C\000A\000N\000\040\000N\000e\000t\000w\000o\000r\000k\000s}{}% 2
\BOOKMARK [1][-]{section.2.1}{\376\377\0002\000.\0001\000\040\000C\000A\000N\000\040\000F\000u\000n\000z\000i\000o\000n\000a\000l\000e}{chapter.2}% 3
\BOOKMARK [1][-]{section.2.2}{\376\377\0002\000.\0002\000\040\000C\000A\000N\000\040\000S\000e\000r\000v\000i\000z\000i}{chapter.2}% 4
\BOOKMARK [0][-]{chapter.3}{\376\377\0003\000\040\000B\000o\000a\000r\000d\000\040\000m\000o\000d\000e\000l}{}% 5
\BOOKMARK [0][-]{chapter.4}{\376\377\0004\000\040\000R\000e\000a\000d\000y\000\040\000T\000o\000\040\000D\000r\000i\000v\000e\000\040\000S\000o\000u\000n\000d\000\040\000\050\000R\000T\000D\000S\000\051}{}% 6
\BOOKMARK [0][-]{chapter.5}{\376\377\0005\000\040\000F\000i\000n\000i\000t\000e\000\040\000S\000t\000a\000t\000e\000\040\000M\000a\000c\000h\000i\000n\000e\000\040\000\050\000F\000S\000M\000\051}{}% 7
\BOOKMARK [0][-]{chapter.6}{\376\377\0006\000\040\000M\000o\000d\000u\000l\000e\000\040\000I\000n\000d\000e\000x}{}% 8
\BOOKMARK [1][-]{section.6.1}{\376\377\0006\000.\0001\000\040\000M\000o\000d\000u\000l\000e\000s}{chapter.6}% 9
\BOOKMARK [0][-]{chapter.7}{\376\377\0007\000\040\000F\000i\000l\000e\000\040\000I\000n\000d\000e\000x}{}% 10
\BOOKMARK [1][-]{section.7.1}{\376\377\0007\000.\0001\000\040\000F\000i\000l\000e\000\040\000L\000i\000s\000t}{chapter.7}% 11
\BOOKMARK [0][-]{chapter.8}{\376\377\0008\000\040\000M\000o\000d\000u\000l\000e\000\040\000D\000o\000c\000u\000m\000e\000n\000t\000a\000t\000i\000o\000n}{}% 12
\BOOKMARK [1][-]{section.8.1}{\376\377\0008\000.\0001\000\040\000C\000A\000N\000\040\000m\000o\000d\000u\000l\000e}{chapter.8}% 13
\BOOKMARK [2][-]{subsection.8.1.1}{\376\377\0008\000.\0001\000.\0001\000\040\000D\000e\000t\000a\000i\000l\000e\000d\000\040\000D\000e\000s\000c\000r\000i\000p\000t\000i\000o\000n}{section.8.1}% 14
\BOOKMARK [2][-]{subsection.8.1.2}{\376\377\0008\000.\0001\000.\0002\000\040\000F\000u\000n\000c\000t\000i\000o\000n\000\040\000D\000o\000c\000u\000m\000e\000n\000t\000a\000t\000i\000o\000n}{section.8.1}% 15
\BOOKMARK [3][-]{subsubsection.8.1.2.1}{\376\377\0008\000.\0001\000.\0002\000.\0001\000\040\000c\000a\000n\000\137\000i\000n\000i\000t\000\050\000\051}{subsection.8.1.2}% 16
\BOOKMARK [1][-]{section.8.2}{\376\377\0008\000.\0002\000\040\000C\000A\000N\000\040\000f\000u\000n\000z\000i\000o\000n\000a\000l\000e}{chapter.8}% 17
\BOOKMARK [2][-]{subsection.8.2.1}{\376\377\0008\000.\0002\000.\0001\000\040\000D\000e\000t\000a\000i\000l\000e\000d\000\040\000D\000e\000s\000c\000r\000i\000p\000t\000i\000o\000n}{section.8.2}% 18
\BOOKMARK [2][-]{subsection.8.2.2}{\376\377\0008\000.\0002\000.\0002\000\040\000F\000u\000n\000c\000t\000i\000o\000n\000\040\000D\000o\000c\000u\000m\000e\000n\000t\000a\000t\000i\000o\000n}{section.8.2}% 19
\BOOKMARK [3][-]{subsubsection.8.2.2.1}{\376\377\0008\000.\0002\000.\0002\000.\0001\000\040\000C\000A\000N\000\137\000F\000U\000N\000Z\000\137\000B\000O\000O\000T\000U\000P\000\137\000C\000B\000\050\000\051}{subsection.8.2.2}% 20
\BOOKMARK [3][-]{subsubsection.8.2.2.2}{\376\377\0008\000.\0002\000.\0002\000.\0002\000\040\000C\000A\000N\000\137\000F\000U\000N\000Z\000\137\000G\000E\000N\000E\000R\000A\000L\000\137\000C\000B\000\050\000\051}{subsection.8.2.2}% 21
\BOOKMARK [3][-]{subsubsection.8.2.2.3}{\376\377\0008\000.\0002\000.\0002\000.\0003\000\040\000C\000A\000N\000\137\000F\000U\000N\000Z\000\137\000V\000E\000N\000D\000O\000R\000\137\000I\000D\000\137\000C\000B\000\050\000\051}{subsection.8.2.2}% 22
\BOOKMARK [3][-]{subsubsection.8.2.2.4}{\376\377\0008\000.\0002\000.\0002\000.\0004\000\040\000c\000a\000n\000\137\000f\000u\000n\000z\000i\000o\000n\000a\000l\000e\000\137\000i\000n\000i\000t\000\050\000\051}{subsection.8.2.2}% 23
\BOOKMARK [3][-]{subsubsection.8.2.2.5}{\376\377\0008\000.\0002\000.\0002\000.\0005\000\040\000c\000a\000n\000\137\000f\000u\000n\000z\000i\000o\000n\000a\000l\000e\000\137\000i\000n\000i\000t\000i\000a\000l\000i\000z\000e\000d\000\050\000\051}{subsection.8.2.2}% 24
\BOOKMARK [3][-]{subsubsection.8.2.2.6}{\376\377\0008\000.\0002\000.\0002\000.\0006\000\040\000c\000a\000n\000\137\000f\000u\000n\000z\000i\000o\000n\000a\000l\000e\000\137\000o\000n\000l\000i\000n\000e\000\050\000\051}{subsection.8.2.2}% 25
\BOOKMARK [3][-]{subsubsection.8.2.2.7}{\376\377\0008\000.\0002\000.\0002\000.\0007\000\040\000c\000a\000n\000\137\000f\000u\000n\000z\000i\000o\000n\000a\000l\000e\000\137\000s\000e\000n\000d\000\137\000s\000y\000n\000c\000\050\000\051}{subsection.8.2.2}% 26
\BOOKMARK [3][-]{subsubsection.8.2.2.8}{\376\377\0008\000.\0002\000.\0002\000.\0008\000\040\000g\000e\000t\000\137\000t\000o\000r\000q\000u\000e\000\137\000a\000c\000t\000u\000a\000l\000\137\000v\000a\000l\000u\000e\000\050\000\051}{subsection.8.2.2}% 27
\BOOKMARK [3][-]{subsubsection.8.2.2.9}{\376\377\0008\000.\0002\000.\0002\000.\0009\000\040\000i\000n\000v\000e\000r\000t\000e\000r\000\137\000r\000e\000g\000e\000n\000\137\000r\000e\000q\000u\000e\000s\000t\000\050\000\051}{subsection.8.2.2}% 28
\BOOKMARK [3][-]{subsubsection.8.2.2.10}{\376\377\0008\000.\0002\000.\0002\000.\0001\0000\000\040\000i\000n\000v\000e\000r\000t\000e\000r\000\137\000t\000o\000r\000q\000u\000e\000\137\000r\000e\000q\000u\000e\000s\000t\000\050\000\051}{subsection.8.2.2}% 29
\BOOKMARK [1][-]{section.8.3}{\376\377\0008\000.\0003\000\040\000C\000A\000N\000\040\000s\000e\000r\000v\000i\000z\000i}{chapter.8}% 30
\BOOKMARK [2][-]{subsection.8.3.1}{\376\377\0008\000.\0003\000.\0001\000\040\000D\000e\000t\000a\000i\000l\000e\000d\000\040\000D\000e\000s\000c\000r\000i\000p\000t\000i\000o\000n}{section.8.3}% 31
\BOOKMARK [2][-]{subsection.8.3.2}{\376\377\0008\000.\0003\000.\0002\000\040\000F\000u\000n\000c\000t\000i\000o\000n\000\040\000D\000o\000c\000u\000m\000e\000n\000t\000a\000t\000i\000o\000n}{section.8.3}% 32
\BOOKMARK [3][-]{subsubsection.8.3.2.1}{\376\377\0008\000.\0003\000.\0002\000.\0001\000\040\000C\000A\000N\000\137\000S\000E\000R\000V\000\137\000B\000O\000O\000T\000U\000P\000\137\000C\000B\000\050\000\051}{subsection.8.3.2}% 33
\BOOKMARK [3][-]{subsubsection.8.3.2.2}{\376\377\0008\000.\0003\000.\0002\000.\0002\000\040\000C\000A\000N\000\137\000S\000E\000R\000V\000\137\000G\000E\000N\000E\000R\000A\000L\000\137\000C\000B\000\050\000\051}{subsection.8.3.2}% 34
\BOOKMARK [3][-]{subsubsection.8.3.2.3}{\376\377\0008\000.\0003\000.\0002\000.\0003\000\040\000c\000a\000n\000\137\000s\000e\000r\000v\000i\000z\000i\000\137\000g\000o\000\137\000o\000p\000e\000r\000a\000t\000i\000o\000n\000a\000l\000\050\000\051}{subsection.8.3.2}% 35
\BOOKMARK [3][-]{subsubsection.8.3.2.4}{\376\377\0008\000.\0003\000.\0002\000.\0004\000\040\000c\000a\000n\000\137\000s\000e\000r\000v\000i\000z\000i\000\137\000i\000n\000i\000t\000\050\000\051}{subsection.8.3.2}% 36
\BOOKMARK [3][-]{subsubsection.8.3.2.5}{\376\377\0008\000.\0003\000.\0002\000.\0005\000\040\000c\000a\000n\000\137\000s\000e\000r\000v\000i\000z\000i\000\137\000i\000n\000i\000t\000i\000a\000l\000i\000z\000e\000d\000\050\000\051}{subsection.8.3.2}% 37
\BOOKMARK [3][-]{subsubsection.8.3.2.6}{\376\377\0008\000.\0003\000.\0002\000.\0006\000\040\000c\000a\000n\000\137\000s\000e\000r\000v\000i\000z\000i\000\137\000o\000n\000l\000i\000n\000e\000\050\000\051}{subsection.8.3.2}% 38
\BOOKMARK [3][-]{subsubsection.8.3.2.7}{\376\377\0008\000.\0003\000.\0002\000.\0007\000\040\000g\000e\000t\000\137\000s\000e\000r\000v\000i\000z\000i\000\137\000a\000p\000p\000s\000\137\000p\000l\000a\000u\000s\000i\000b\000i\000l\000i\000t\000y\000\050\000\051}{subsection.8.3.2}% 39
\BOOKMARK [3][-]{subsubsection.8.3.2.8}{\376\377\0008\000.\0003\000.\0002\000.\0008\000\040\000g\000e\000t\000\137\000s\000e\000r\000v\000i\000z\000i\000\137\000b\000r\000a\000k\000e\000\050\000\051}{subsection.8.3.2}% 40
\BOOKMARK [3][-]{subsubsection.8.3.2.9}{\376\377\0008\000.\0003\000.\0002\000.\0009\000\040\000g\000e\000t\000\137\000s\000e\000r\000v\000i\000z\000i\000\137\000b\000r\000a\000k\000e\000\137\000p\000l\000a\000u\000s\000i\000b\000i\000l\000i\000t\000y\000\050\000\051}{subsection.8.3.2}% 41
\BOOKMARK [3][-]{subsubsection.8.3.2.10}{\376\377\0008\000.\0003\000.\0002\000.\0001\0000\000\040\000g\000e\000t\000\137\000s\000e\000r\000v\000i\000z\000i\000\137\000t\000p\000s\0001\000\050\000\051}{subsection.8.3.2}% 42
\BOOKMARK [3][-]{subsubsection.8.3.2.11}{\376\377\0008\000.\0003\000.\0002\000.\0001\0001\000\040\000g\000e\000t\000\137\000s\000e\000r\000v\000i\000z\000i\000\137\000t\000p\000s\0002\000\050\000\051}{subsection.8.3.2}% 43
\BOOKMARK [3][-]{subsubsection.8.3.2.12}{\376\377\0008\000.\0003\000.\0002\000.\0001\0002\000\040\000g\000e\000t\000\137\000t\000c\000s\000\137\000t\000o\000r\000q\000u\000e\000\137\000c\000o\000e\000f\000f\000i\000c\000i\000e\000n\000t\000\050\000\051}{subsection.8.3.2}% 44
\BOOKMARK [3][-]{subsubsection.8.3.2.13}{\376\377\0008\000.\0003\000.\0002\000.\0001\0003\000\040\000t\000c\000s\000\137\000o\000n\000l\000i\000n\000e\000\050\000\051}{subsection.8.3.2}% 45
\BOOKMARK [3][-]{subsubsection.8.3.2.14}{\376\377\0008\000.\0003\000.\0002\000.\0001\0004\000\040\000t\000i\000m\000e\000o\000u\000t\000\050\000\051}{subsection.8.3.2}% 46
\BOOKMARK [1][-]{section.8.4}{\376\377\0008\000.\0004\000\040\000C\000o\000m\000m\000o\000n\000\040\000D\000e\000f\000i\000n\000e\000s}{chapter.8}% 47
\BOOKMARK [2][-]{subsection.8.4.1}{\376\377\0008\000.\0004\000.\0001\000\040\000D\000e\000t\000a\000i\000l\000e\000d\000\040\000D\000e\000s\000c\000r\000i\000p\000t\000i\000o\000n}{section.8.4}% 48
\BOOKMARK [1][-]{section.8.5}{\376\377\0008\000.\0005\000\040\000F\000i\000l\000t\000e\000r\000\040\000b\000u\000f\000f\000e\000r}{chapter.8}% 49
\BOOKMARK [2][-]{subsection.8.5.1}{\376\377\0008\000.\0005\000.\0001\000\040\000D\000e\000t\000a\000i\000l\000e\000d\000\040\000D\000e\000s\000c\000r\000i\000p\000t\000i\000o\000n}{section.8.5}% 50
\BOOKMARK [2][-]{subsection.8.5.2}{\376\377\0008\000.\0005\000.\0002\000\040\000F\000u\000n\000c\000t\000i\000o\000n\000\040\000D\000o\000c\000u\000m\000e\000n\000t\000a\000t\000i\000o\000n}{section.8.5}% 51
\BOOKMARK [3][-]{subsubsection.8.5.2.1}{\376\377\0008\000.\0005\000.\0002\000.\0001\000\040\000f\000i\000l\000t\000e\000r\000\137\000b\000u\000f\000f\000e\000r\000\050\000\051}{subsection.8.5.2}% 52
\BOOKMARK [1][-]{section.8.6}{\376\377\0008\000.\0006\000\040\000B\000o\000a\000r\000d\000\040\000m\000o\000d\000e\000l}{chapter.8}% 53
\BOOKMARK [2][-]{subsection.8.6.1}{\376\377\0008\000.\0006\000.\0001\000\040\000D\000e\000t\000a\000i\000l\000e\000d\000\040\000D\000e\000s\000c\000r\000i\000p\000t\000i\000o\000n}{section.8.6}% 54
\BOOKMARK [2][-]{subsection.8.6.2}{\376\377\0008\000.\0006\000.\0002\000\040\000M\000a\000c\000r\000o\000\040\000D\000e\000f\000i\000n\000i\000t\000i\000o\000n\000\040\000D\000o\000c\000u\000m\000e\000n\000t\000a\000t\000i\000o\000n}{section.8.6}% 55
\BOOKMARK [3][-]{subsubsection.8.6.2.1}{\376\377\0008\000.\0006\000.\0002\000.\0001\000\040\000B\000U\000F\000F\000E\000R\000S}{subsection.8.6.2}% 56
\BOOKMARK [2][-]{subsection.8.6.3}{\376\377\0008\000.\0006\000.\0003\000\040\000F\000u\000n\000c\000t\000i\000o\000n\000\040\000D\000o\000c\000u\000m\000e\000n\000t\000a\000t\000i\000o\000n}{section.8.6}% 57
\BOOKMARK [3][-]{subsubsection.8.6.3.1}{\376\377\0008\000.\0006\000.\0003\000.\0001\000\040\000A\000D\000C\000\137\000H\000a\000n\000d\000l\000e\000r\000\050\000\051}{subsection.8.6.3}% 58
\BOOKMARK [3][-]{subsubsection.8.6.3.2}{\376\377\0008\000.\0006\000.\0003\000.\0002\000\040\000g\000e\000t\000\137\000a\000p\000p\000s\000\137\000p\000l\000a\000u\000s\000i\000b\000i\000l\000i\000t\000y\000\050\000\051}{subsection.8.6.3}% 59
\BOOKMARK [3][-]{subsubsection.8.6.3.3}{\376\377\0008\000.\0006\000.\0003\000.\0003\000\040\000g\000e\000t\000\137\000b\000r\000a\000k\000e\000\137\000p\000e\000r\000c\000e\000n\000t\000a\000g\000e\000\050\000\051}{subsection.8.6.3}% 60
\BOOKMARK [3][-]{subsubsection.8.6.3.4}{\376\377\0008\000.\0006\000.\0003\000.\0004\000\040\000g\000e\000t\000\137\000b\000r\000a\000k\000e\000\137\000p\000l\000a\000u\000s\000i\000b\000i\000l\000i\000t\000y\000\050\000\051}{subsection.8.6.3}% 61
\BOOKMARK [3][-]{subsubsection.8.6.3.5}{\376\377\0008\000.\0006\000.\0003\000.\0005\000\040\000g\000e\000t\000\137\000S\000C\000\137\000v\000a\000l\000u\000e\000\050\000\051}{subsection.8.6.3}% 62
\BOOKMARK [3][-]{subsubsection.8.6.3.6}{\376\377\0008\000.\0006\000.\0003\000.\0006\000\040\000g\000e\000t\000\137\000t\000p\000s\0001\000\137\000p\000e\000r\000c\000e\000n\000t\000a\000g\000e\000\050\000\051}{subsection.8.6.3}% 63
\BOOKMARK [3][-]{subsubsection.8.6.3.7}{\376\377\0008\000.\0006\000.\0003\000.\0007\000\040\000g\000e\000t\000\137\000t\000p\000s\0002\000\137\000p\000e\000r\000c\000e\000n\000t\000a\000g\000e\000\050\000\051}{subsection.8.6.3}% 64
\BOOKMARK [3][-]{subsubsection.8.6.3.8}{\376\377\0008\000.\0006\000.\0003\000.\0008\000\040\000m\000o\000d\000e\000l\000\137\000i\000n\000i\000t\000\050\000\051}{subsection.8.6.3}% 65
\BOOKMARK [1][-]{section.8.7}{\376\377\0008\000.\0007\000\040\000R\000T\000D\000S}{chapter.8}% 66
\BOOKMARK [2][-]{subsection.8.7.1}{\376\377\0008\000.\0007\000.\0001\000\040\000D\000e\000t\000a\000i\000l\000e\000d\000\040\000D\000e\000s\000c\000r\000i\000p\000t\000i\000o\000n}{section.8.7}% 67
\BOOKMARK [2][-]{subsection.8.7.2}{\376\377\0008\000.\0007\000.\0002\000\040\000F\000u\000n\000c\000t\000i\000o\000n\000\040\000D\000o\000c\000u\000m\000e\000n\000t\000a\000t\000i\000o\000n}{section.8.7}% 68
\BOOKMARK [3][-]{subsubsection.8.7.2.1}{\376\377\0008\000.\0007\000.\0002\000.\0001\000\040\000r\000e\000a\000d\000y\000\137\000t\000o\000\137\000d\000r\000i\000v\000e\000\137\000s\000o\000u\000n\000d\000\137\000s\000t\000a\000r\000t\000\050\000\051}{subsection.8.7.2}% 69
\BOOKMARK [1][-]{section.8.8}{\376\377\0008\000.\0008\000\040\000F\000i\000n\000i\000t\000e\000\040\000S\000t\000a\000t\000e\000\040\000M\000a\000c\000h\000i\000n\000e\000\040\000\050\000F\000S\000M\000\051}{chapter.8}% 70
\BOOKMARK [2][-]{subsection.8.8.1}{\376\377\0008\000.\0008\000.\0001\000\040\000D\000e\000t\000a\000i\000l\000e\000d\000\040\000D\000e\000s\000c\000r\000i\000p\000t\000i\000o\000n}{section.8.8}% 71
\BOOKMARK [2][-]{subsection.8.8.2}{\376\377\0008\000.\0008\000.\0002\000\040\000E\000n\000u\000m\000e\000r\000a\000t\000i\000o\000n\000\040\000T\000y\000p\000e\000\040\000D\000o\000c\000u\000m\000e\000n\000t\000a\000t\000i\000o\000n}{section.8.8}% 72
\BOOKMARK [3][-]{subsubsection.8.8.2.1}{\376\377\0008\000.\0008\000.\0002\000.\0001\000\040\000e\000n\000u\000m\000\137\000n\000o\000d\000e\000S\000t\000a\000t\000e}{subsection.8.8.2}% 73
\BOOKMARK [2][-]{subsection.8.8.3}{\376\377\0008\000.\0008\000.\0003\000\040\000F\000u\000n\000c\000t\000i\000o\000n\000\040\000D\000o\000c\000u\000m\000e\000n\000t\000a\000t\000i\000o\000n}{section.8.8}% 74
\BOOKMARK [3][-]{subsubsection.8.8.3.1}{\376\377\0008\000.\0008\000.\0003\000.\0001\000\040\000d\000r\000i\000v\000e\000\050\000\051}{subsection.8.8.3}% 75
\BOOKMARK [3][-]{subsubsection.8.8.3.2}{\376\377\0008\000.\0008\000.\0003\000.\0002\000\040\000g\000e\000t\000S\000t\000a\000t\000e\000\050\000\051}{subsection.8.8.3}% 76
\BOOKMARK [3][-]{subsubsection.8.8.3.3}{\376\377\0008\000.\0008\000.\0003\000.\0003\000\040\000h\000v\000o\000n\000\050\000\051}{subsection.8.8.3}% 77
\BOOKMARK [3][-]{subsubsection.8.8.3.4}{\376\377\0008\000.\0008\000.\0003\000.\0004\000\040\000n\000o\000t\000d\000r\000i\000v\000e\000\050\000\051}{subsection.8.8.3}% 78
\BOOKMARK [3][-]{subsubsection.8.8.3.5}{\376\377\0008\000.\0008\000.\0003\000.\0005\000\040\000s\000e\000t\000S\000t\000a\000t\000e\000\050\000\051}{subsection.8.8.3}% 79
\BOOKMARK [3][-]{subsubsection.8.8.3.6}{\376\377\0008\000.\0008\000.\0003\000.\0006\000\040\000s\000t\000a\000n\000d\000\050\000\051}{subsection.8.8.3}% 80
\BOOKMARK [3][-]{subsubsection.8.8.3.7}{\376\377\0008\000.\0008\000.\0003\000.\0007\000\040\000s\000t\000a\000t\000e\000\137\000d\000i\000s\000p\000a\000t\000c\000h\000\050\000\051}{subsection.8.8.3}% 81
\BOOKMARK [1][-]{section.8.9}{\376\377\0008\000.\0009\000\040\000M\000a\000i\000n\000\040\000m\000o\000d\000u\000l\000e}{chapter.8}% 82
\BOOKMARK [2][-]{subsection.8.9.1}{\376\377\0008\000.\0009\000.\0001\000\040\000D\000e\000t\000a\000i\000l\000e\000d\000\040\000D\000e\000s\000c\000r\000i\000p\000t\000i\000o\000n}{section.8.9}% 83
\BOOKMARK [2][-]{subsection.8.9.2}{\376\377\0008\000.\0009\000.\0002\000\040\000F\000u\000n\000c\000t\000i\000o\000n\000\040\000D\000o\000c\000u\000m\000e\000n\000t\000a\000t\000i\000o\000n}{section.8.9}% 84
\BOOKMARK [3][-]{subsubsection.8.9.2.1}{\376\377\0008\000.\0009\000.\0002\000.\0001\000\040\000l\000o\000o\000p\000\050\000\051}{subsection.8.9.2}% 85
\BOOKMARK [3][-]{subsubsection.8.9.2.2}{\376\377\0008\000.\0009\000.\0002\000.\0002\000\040\000s\000e\000t\000u\000p\000\050\000\051}{subsection.8.9.2}% 86
\BOOKMARK [0][-]{chapter.9}{\376\377\0009\000\040\000F\000i\000l\000e\000\040\000D\000o\000c\000u\000m\000e\000n\000t\000a\000t\000i\000o\000n}{}% 87
\BOOKMARK [1][-]{section.9.1}{\376\377\0009\000.\0001\000\040\000b\000o\000a\000r\000d\000\137\000p\000i\000n\000o\000u\000t\000.\000h\000\040\000F\000i\000l\000e\000\040\000R\000e\000f\000e\000r\000e\000n\000c\000e}{chapter.9}% 88
\BOOKMARK [2][-]{subsection.9.1.1}{\376\377\0009\000.\0001\000.\0001\000\040\000D\000e\000t\000a\000i\000l\000e\000d\000\040\000D\000e\000s\000c\000r\000i\000p\000t\000i\000o\000n}{section.9.1}% 89
\BOOKMARK [1][-]{section.9.2}{\376\377\0009\000.\0002\000\040\000c\000a\000n\000\137\000f\000u\000n\000z\000i\000o\000n\000a\000l\000e\000.\000c\000p\000p\000\040\000F\000i\000l\000e\000\040\000R\000e\000f\000e\000r\000e\000n\000c\000e}{chapter.9}% 90
\BOOKMARK [2][-]{subsection.9.2.1}{\376\377\0009\000.\0002\000.\0001\000\040\000D\000e\000t\000a\000i\000l\000e\000d\000\040\000D\000e\000s\000c\000r\000i\000p\000t\000i\000o\000n}{section.9.2}% 91
\BOOKMARK [1][-]{section.9.3}{\376\377\0009\000.\0003\000\040\000c\000a\000n\000\137\000f\000u\000n\000z\000i\000o\000n\000a\000l\000e\000.\000h\000\040\000F\000i\000l\000e\000\040\000R\000e\000f\000e\000r\000e\000n\000c\000e}{chapter.9}% 92
\BOOKMARK [2][-]{subsection.9.3.1}{\376\377\0009\000.\0003\000.\0001\000\040\000D\000e\000t\000a\000i\000l\000e\000d\000\040\000D\000e\000s\000c\000r\000i\000p\000t\000i\000o\000n}{section.9.3}% 93
\BOOKMARK [1][-]{section.9.4}{\376\377\0009\000.\0004\000\040\000C\000A\000N\000\137\000I\000D\000.\000h\000\040\000F\000i\000l\000e\000\040\000R\000e\000f\000e\000r\000e\000n\000c\000e}{chapter.9}% 94
\BOOKMARK [2][-]{subsection.9.4.1}{\376\377\0009\000.\0004\000.\0001\000\040\000D\000e\000t\000a\000i\000l\000e\000d\000\040\000D\000e\000s\000c\000r\000i\000p\000t\000i\000o\000n}{section.9.4}% 95
\BOOKMARK [1][-]{section.9.5}{\376\377\0009\000.\0005\000\040\000c\000a\000n\000\137\000s\000e\000r\000v\000i\000z\000i\000.\000c\000p\000p\000\040\000F\000i\000l\000e\000\040\000R\000e\000f\000e\000r\000e\000n\000c\000e}{chapter.9}% 96
\BOOKMARK [2][-]{subsection.9.5.1}{\376\377\0009\000.\0005\000.\0001\000\040\000D\000e\000t\000a\000i\000l\000e\000d\000\040\000D\000e\000s\000c\000r\000i\000p\000t\000i\000o\000n}{section.9.5}% 97
\BOOKMARK [1][-]{section.9.6}{\376\377\0009\000.\0006\000\040\000c\000a\000n\000\137\000s\000e\000r\000v\000i\000z\000i\000.\000h\000\040\000F\000i\000l\000e\000\040\000R\000e\000f\000e\000r\000e\000n\000c\000e}{chapter.9}% 98
\BOOKMARK [2][-]{subsection.9.6.1}{\376\377\0009\000.\0006\000.\0001\000\040\000D\000e\000t\000a\000i\000l\000e\000d\000\040\000D\000e\000s\000c\000r\000i\000p\000t\000i\000o\000n}{section.9.6}% 99
\BOOKMARK [1][-]{section.9.7}{\376\377\0009\000.\0007\000\040\000C\000O\000\137\000c\000a\000n\000.\000c\000p\000p\000\040\000F\000i\000l\000e\000\040\000R\000e\000f\000e\000r\000e\000n\000c\000e}{chapter.9}% 100
\BOOKMARK [2][-]{subsection.9.7.1}{\376\377\0009\000.\0007\000.\0001\000\040\000D\000e\000t\000a\000i\000l\000e\000d\000\040\000D\000e\000s\000c\000r\000i\000p\000t\000i\000o\000n}{section.9.7}% 101
\BOOKMARK [1][-]{section.9.8}{\376\377\0009\000.\0008\000\040\000C\000O\000\137\000c\000a\000n\000.\000h\000\040\000F\000i\000l\000e\000\040\000R\000e\000f\000e\000r\000e\000n\000c\000e}{chapter.9}% 102
\BOOKMARK [2][-]{subsection.9.8.1}{\376\377\0009\000.\0008\000.\0001\000\040\000D\000e\000t\000a\000i\000l\000e\000d\000\040\000D\000e\000s\000c\000r\000i\000p\000t\000i\000o\000n}{section.9.8}% 103
\BOOKMARK [1][-]{section.9.9}{\376\377\0009\000.\0009\000\040\000c\000o\000m\000m\000o\000n\000.\000h\000\040\000F\000i\000l\000e\000\040\000R\000e\000f\000e\000r\000e\000n\000c\000e}{chapter.9}% 104
\BOOKMARK [2][-]{subsection.9.9.1}{\376\377\0009\000.\0009\000.\0001\000\040\000D\000e\000t\000a\000i\000l\000e\000d\000\040\000D\000e\000s\000c\000r\000i\000p\000t\000i\000o\000n}{section.9.9}% 105
\BOOKMARK [1][-]{section.9.10}{\376\377\0009\000.\0001\0000\000\040\000f\000i\000l\000t\000e\000r\000.\000c\000p\000p\000\040\000F\000i\000l\000e\000\040\000R\000e\000f\000e\000r\000e\000n\000c\000e}{chapter.9}% 106
\BOOKMARK [2][-]{subsection.9.10.1}{\376\377\0009\000.\0001\0000\000.\0001\000\040\000D\000e\000t\000a\000i\000l\000e\000d\000\040\000D\000e\000s\000c\000r\000i\000p\000t\000i\000o\000n}{section.9.10}% 107
\BOOKMARK [1][-]{section.9.11}{\376\377\0009\000.\0001\0001\000\040\000f\000i\000l\000t\000e\000r\000.\000h\000\040\000F\000i\000l\000e\000\040\000R\000e\000f\000e\000r\000e\000n\000c\000e}{chapter.9}% 108
\BOOKMARK [2][-]{subsection.9.11.1}{\376\377\0009\000.\0001\0001\000.\0001\000\040\000D\000e\000t\000a\000i\000l\000e\000d\000\040\000D\000e\000s\000c\000r\000i\000p\000t\000i\000o\000n}{section.9.11}% 109
\BOOKMARK [1][-]{section.9.12}{\376\377\0009\000.\0001\0002\000\040\000m\000o\000d\000e\000l\000.\000c\000p\000p\000\040\000F\000i\000l\000e\000\040\000R\000e\000f\000e\000r\000e\000n\000c\000e}{chapter.9}% 110
\BOOKMARK [2][-]{subsection.9.12.1}{\376\377\0009\000.\0001\0002\000.\0001\000\040\000D\000e\000t\000a\000i\000l\000e\000d\000\040\000D\000e\000s\000c\000r\000i\000p\000t\000i\000o\000n}{section.9.12}% 111
\BOOKMARK [1][-]{section.9.13}{\376\377\0009\000.\0001\0003\000\040\000m\000o\000d\000e\000l\000.\000h\000\040\000F\000i\000l\000e\000\040\000R\000e\000f\000e\000r\000e\000n\000c\000e}{chapter.9}% 112
\BOOKMARK [2][-]{subsection.9.13.1}{\376\377\0009\000.\0001\0003\000.\0001\000\040\000D\000e\000t\000a\000i\000l\000e\000d\000\040\000D\000e\000s\000c\000r\000i\000p\000t\000i\000o\000n}{section.9.13}% 113
\BOOKMARK [1][-]{section.9.14}{\376\377\0009\000.\0001\0004\000\040\000r\000t\000d\000s\000.\000c\000p\000p\000\040\000F\000i\000l\000e\000\040\000R\000e\000f\000e\000r\000e\000n\000c\000e}{chapter.9}% 114
\BOOKMARK [2][-]{subsection.9.14.1}{\376\377\0009\000.\0001\0004\000.\0001\000\040\000D\000e\000t\000a\000i\000l\000e\000d\000\040\000D\000e\000s\000c\000r\000i\000p\000t\000i\000o\000n}{section.9.14}% 115
\BOOKMARK [1][-]{section.9.15}{\376\377\0009\000.\0001\0005\000\040\000r\000t\000d\000s\000.\000h\000\040\000F\000i\000l\000e\000\040\000R\000e\000f\000e\000r\000e\000n\000c\000e}{chapter.9}% 116
\BOOKMARK [2][-]{subsection.9.15.1}{\376\377\0009\000.\0001\0005\000.\0001\000\040\000D\000e\000t\000a\000i\000l\000e\000d\000\040\000D\000e\000s\000c\000r\000i\000p\000t\000i\000o\000n}{section.9.15}% 117
\BOOKMARK [1][-]{section.9.16}{\376\377\0009\000.\0001\0006\000\040\000s\000t\000a\000t\000e\000s\000.\000c\000p\000p\000\040\000F\000i\000l\000e\000\040\000R\000e\000f\000e\000r\000e\000n\000c\000e}{chapter.9}% 118
\BOOKMARK [2][-]{subsection.9.16.1}{\376\377\0009\000.\0001\0006\000.\0001\000\040\000D\000e\000t\000a\000i\000l\000e\000d\000\040\000D\000e\000s\000c\000r\000i\000p\000t\000i\000o\000n}{section.9.16}% 119
\BOOKMARK [1][-]{section.9.17}{\376\377\0009\000.\0001\0007\000\040\000s\000t\000a\000t\000e\000s\000.\000h\000\040\000F\000i\000l\000e\000\040\000R\000e\000f\000e\000r\000e\000n\000c\000e}{chapter.9}% 120
\BOOKMARK [2][-]{subsection.9.17.1}{\376\377\0009\000.\0001\0007\000.\0001\000\040\000D\000e\000t\000a\000i\000l\000e\000d\000\040\000D\000e\000s\000c\000r\000i\000p\000t\000i\000o\000n}{section.9.17}% 121
\BOOKMARK [1][-]{section.9.18}{\376\377\0009\000.\0001\0008\000\040\000V\000C\000U\000.\000i\000n\000o\000\040\000F\000i\000l\000e\000\040\000R\000e\000f\000e\000r\000e\000n\000c\000e}{chapter.9}% 122
\BOOKMARK [2][-]{subsection.9.18.1}{\376\377\0009\000.\0001\0008\000.\0001\000\040\000D\000e\000t\000a\000i\000l\000e\000d\000\040\000D\000e\000s\000c\000r\000i\000p\000t\000i\000o\000n}{section.9.18}% 123
\BOOKMARK [0][-]{section*.85}{\376\377\000I\000n\000d\000e\000x}{}% 124
