This is pdfTeX, Version 3.14159265-2.6-1.40.19 (MiKTeX 2.9.6730 64-bit) (preloaded format=pdflatex 2018.7.6)  6 JUL 2018 12:34
entering extended mode
**./refman.tex
(refman.tex
LaTeX2e <2018-04-01> patch level 5
("C:\Program Files\MiKTeX 2.9\tex\latex\base\book.cls"
Document Class: book 2014/09/29 v1.4h Standard LaTeX document class
("C:\Program Files\MiKTeX 2.9\tex\latex\base\bk10.clo"
File: bk10.clo 2014/09/29 v1.4h Standard LaTeX file (size option)
)
\c@part=\count80
\c@chapter=\count81
\c@section=\count82
\c@subsection=\count83
\c@subsubsection=\count84
\c@paragraph=\count85
\c@subparagraph=\count86
\c@figure=\count87
\c@table=\count88
\abovecaptionskip=\skip41
\belowcaptionskip=\skip42
\bibindent=\dimen102
)
("C:\Program Files\MiKTeX 2.9\tex\latex\tools\calc.sty"
Package: calc 2017/05/25 v4.3 Infix arithmetic (KKT,FJ)
\calc@Acount=\count89
\calc@Bcount=\count90
\calc@Adimen=\dimen103
\calc@Bdimen=\dimen104
\calc@Askip=\skip43
\calc@Bskip=\skip44
LaTeX Info: Redefining \setlength on input line 80.
LaTeX Info: Redefining \addtolength on input line 81.
\calc@Ccount=\count91
\calc@Cskip=\skip45
) (doxygen.sty
Package: doxygen 

("C:\Program Files\MiKTeX 2.9\tex\latex\base\alltt.sty"
Package: alltt 1997/06/16 v2.0g defines alltt environment
)
("C:\Program Files\MiKTeX 2.9\tex\latex\tools\array.sty"
Package: array 2018/04/30 v2.4h Tabular extension package (FMi)
\col@sep=\dimen105
\ar@mcellbox=\box26
\extrarowheight=\dimen106
\NC@list=\toks14
\extratabsurround=\skip46
\backup@length=\skip47
\ar@cellbox=\box27
)
("C:\Program Files\MiKTeX 2.9\tex\latex\float\float.sty"
Package: float 2001/11/08 v1.3d Float enhancements (AL)
\c@float@type=\count92
\float@exts=\toks15
\float@box=\box28
\@float@everytoks=\toks16
\@floatcapt=\box29
)
("C:\Program Files\MiKTeX 2.9\tex\latex\base\ifthen.sty"
Package: ifthen 2014/09/29 v1.1c Standard LaTeX ifthen package (DPC)
)
("C:\Program Files\MiKTeX 2.9\tex\latex\tools\verbatim.sty"
Package: verbatim 2014/10/28 v1.5q LaTeX2e package for verbatim enhancements
\every@verbatim=\toks17
\verbatim@line=\toks18
\verbatim@in@stream=\read1
)
("C:\Program Files\MiKTeX 2.9\tex\latex\xcolor\xcolor.sty"
Package: xcolor 2016/05/11 v2.12 LaTeX color extensions (UK)

("C:\Program Files\MiKTeX 2.9\tex\latex\graphics-cfg\color.cfg"
File: color.cfg 2016/01/02 v1.6 sample color configuration
)
Package xcolor Info: Driver file: pdftex.def on input line 225.

("C:\Program Files\MiKTeX 2.9\tex\latex\graphics-def\pdftex.def"
File: pdftex.def 2018/01/08 v1.0l Graphics/color driver for pdftex
)
("C:\Program Files\MiKTeX 2.9\tex\latex\colortbl\colortbl.sty"
Package: colortbl 2018/05/02 v1.0c Color table columns (DPC)
\everycr=\toks19
\minrowclearance=\skip48
)
\rownum=\count93
Package xcolor Info: Model `cmy' substituted by `cmy0' on input line 1348.
Package xcolor Info: Model `hsb' substituted by `rgb' on input line 1352.
Package xcolor Info: Model `RGB' extended on input line 1364.
Package xcolor Info: Model `HTML' substituted by `rgb' on input line 1366.
Package xcolor Info: Model `Hsb' substituted by `hsb' on input line 1367.
Package xcolor Info: Model `tHsb' substituted by `hsb' on input line 1368.
Package xcolor Info: Model `HSB' substituted by `hsb' on input line 1369.
Package xcolor Info: Model `Gray' substituted by `gray' on input line 1370.
Package xcolor Info: Model `wave' substituted by `hsb' on input line 1371.
)
("C:\Program Files\MiKTeX 2.9\tex\latex\xtab\xtab.sty"
Package: xtab 2011/07/31 v2.3f Extended supertabular package
\c@tracingst=\count94
\PWSTcapht=\dimen107
\ST@wd=\dimen108
\ST@rightskip=\skip49
\ST@leftskip=\skip50
\ST@parfillskip=\skip51
\c@PWSTtable=\count95
\PWSTlastpage=\count96
\PWSTpenultimate=\count97
\PWSTcurpage=\count98
\PWSTtempc=\count99
\PWSTlines=\count100
\PWST@lastht=\dimen109
\PWST@generalht=\dimen110
\PWST@ht=\dimen111
\ST@pageleft=\dimen112
\ST@headht=\dimen113
\ST@tailht=\dimen114
\ST@pagesofar=\dimen115
\ST@pboxht=\dimen116
\ST@lineht=\dimen117
\ST@stretchht=\dimen118
\ST@prevht=\dimen119
\ST@toadd=\dimen120
\ST@dimen=\dimen121
\ST@pbox=\box30
)
\xrefbox=\box31
\xreflength=\skip52
\tmplength=\skip53
)
("C:\Program Files\MiKTeX 2.9\tex\latex\graphics\graphicx.sty"
Package: graphicx 2017/06/01 v1.1a Enhanced LaTeX Graphics (DPC,SPQR)

("C:\Program Files\MiKTeX 2.9\tex\latex\graphics\keyval.sty"
Package: keyval 2014/10/28 v1.15 key=value parser (DPC)
\KV@toks@=\toks20
)
("C:\Program Files\MiKTeX 2.9\tex\latex\graphics\graphics.sty"
Package: graphics 2017/06/25 v1.2c Standard LaTeX Graphics (DPC,SPQR)

("C:\Program Files\MiKTeX 2.9\tex\latex\graphics\trig.sty"
Package: trig 2016/01/03 v1.10 sin cos tan (DPC)
)
("C:\Program Files\MiKTeX 2.9\tex\latex\graphics-cfg\graphics.cfg"
File: graphics.cfg 2016/06/04 v1.11 sample graphics configuration
)
Package graphics Info: Driver file: pdftex.def on input line 99.
)
\Gin@req@height=\dimen122
\Gin@req@width=\dimen123
)
("C:\Program Files\MiKTeX 2.9\tex\latex\base\inputenc.sty"
Package: inputenc 2018/04/06 v1.3b Input encoding file
\inpenc@prehook=\toks21
\inpenc@posthook=\toks22
)
("C:\Program Files\MiKTeX 2.9\tex\latex\base\makeidx.sty"
Package: makeidx 2014/09/29 v1.0m Standard LaTeX package
)
("C:\Program Files\MiKTeX 2.9\tex\latex\tools\multicol.sty"
Package: multicol 2018/04/20 v1.8s multicolumn formatting (FMi)
\c@tracingmulticols=\count101
\mult@box=\box32
\multicol@leftmargin=\dimen124
\c@unbalance=\count102
\c@collectmore=\count103
\doublecol@number=\count104
\multicoltolerance=\count105
\multicolpretolerance=\count106
\full@width=\dimen125
\page@free=\dimen126
\premulticols=\dimen127
\postmulticols=\dimen128
\multicolsep=\skip54
\multicolbaselineskip=\skip55
\partial@page=\box33
\last@line=\box34
\maxbalancingoverflow=\dimen129
\mult@rightbox=\box35
\mult@grightbox=\box36
\mult@gfirstbox=\box37
\mult@firstbox=\box38
\@tempa=\box39
\@tempa=\box40
\@tempa=\box41
\@tempa=\box42
\@tempa=\box43
\@tempa=\box44
\@tempa=\box45
\@tempa=\box46
\@tempa=\box47
\@tempa=\box48
\@tempa=\box49
\@tempa=\box50
\@tempa=\box51
\@tempa=\box52
\@tempa=\box53
\@tempa=\box54
\@tempa=\box55
\c@columnbadness=\count107
\c@finalcolumnbadness=\count108
\last@try=\dimen130
\multicolovershoot=\dimen131
\multicolundershoot=\dimen132
\mult@nat@firstbox=\box56
\colbreak@box=\box57
\mc@col@check@num=\count109
)
("C:\Program Files\MiKTeX 2.9\tex\latex\multirow\multirow.sty"
Package: multirow 2016/11/25 v2.2 Span multiple rows of a table
\multirow@colwidth=\skip56
\multirow@cntb=\count110
\multirow@dima=\skip57
\bigstrutjot=\dimen133
)
("C:\Program Files\MiKTeX 2.9\tex\latex\base\textcomp.sty"
Package: textcomp 2017/04/05 v2.0i Standard LaTeX package
Package textcomp Info: Sub-encoding information:
(textcomp)               5 = only ISO-Adobe without \textcurrency
(textcomp)               4 = 5 + \texteuro
(textcomp)               3 = 4 + \textohm
(textcomp)               2 = 3 + \textestimated + \textcurrency
(textcomp)               1 = TS1 - \textcircled - \t
(textcomp)               0 = TS1 (full)
(textcomp)             Font families with sub-encoding setting implement
(textcomp)             only a restricted character set as indicated.
(textcomp)             Family '?' is the default used for unknown fonts.
(textcomp)             See the documentation for details.
Package textcomp Info: Setting ? sub-encoding to TS1/1 on input line 79.

("C:\Program Files\MiKTeX 2.9\tex\latex\base\ts1enc.def"
File: ts1enc.def 2001/06/05 v3.0e (jk/car/fm) Standard LaTeX file
Now handling font encoding TS1 ...
... processing UTF-8 mapping file for font encoding TS1

("C:\Program Files\MiKTeX 2.9\tex\latex\base\ts1enc.dfu"
File: ts1enc.dfu 2018/04/05 v1.2c UTF-8 support for inputenc
   defining Unicode char U+00A2 (decimal 162)
   defining Unicode char U+00A3 (decimal 163)
   defining Unicode char U+00A4 (decimal 164)
   defining Unicode char U+00A5 (decimal 165)
   defining Unicode char U+00A6 (decimal 166)
   defining Unicode char U+00A7 (decimal 167)
   defining Unicode char U+00A8 (decimal 168)
   defining Unicode char U+00A9 (decimal 169)
   defining Unicode char U+00AA (decimal 170)
   defining Unicode char U+00AC (decimal 172)
   defining Unicode char U+00AE (decimal 174)
   defining Unicode char U+00AF (decimal 175)
   defining Unicode char U+00B0 (decimal 176)
   defining Unicode char U+00B1 (decimal 177)
   defining Unicode char U+00B2 (decimal 178)
   defining Unicode char U+00B3 (decimal 179)
   defining Unicode char U+00B4 (decimal 180)
   defining Unicode char U+00B5 (decimal 181)
   defining Unicode char U+00B6 (decimal 182)
   defining Unicode char U+00B7 (decimal 183)
   defining Unicode char U+00B9 (decimal 185)
   defining Unicode char U+00BA (decimal 186)
   defining Unicode char U+00BC (decimal 188)
   defining Unicode char U+00BD (decimal 189)
   defining Unicode char U+00BE (decimal 190)
   defining Unicode char U+00D7 (decimal 215)
   defining Unicode char U+00F7 (decimal 247)
   defining Unicode char U+0192 (decimal 402)
   defining Unicode char U+02C7 (decimal 711)
   defining Unicode char U+02D8 (decimal 728)
   defining Unicode char U+02DD (decimal 733)
   defining Unicode char U+0E3F (decimal 3647)
   defining Unicode char U+2016 (decimal 8214)
   defining Unicode char U+2020 (decimal 8224)
   defining Unicode char U+2021 (decimal 8225)
   defining Unicode char U+2022 (decimal 8226)
   defining Unicode char U+2030 (decimal 8240)
   defining Unicode char U+2031 (decimal 8241)
   defining Unicode char U+203B (decimal 8251)
   defining Unicode char U+203D (decimal 8253)
   defining Unicode char U+2044 (decimal 8260)
   defining Unicode char U+204E (decimal 8270)
   defining Unicode char U+2052 (decimal 8274)
   defining Unicode char U+20A1 (decimal 8353)
   defining Unicode char U+20A4 (decimal 8356)
   defining Unicode char U+20A6 (decimal 8358)
   defining Unicode char U+20A9 (decimal 8361)
   defining Unicode char U+20AB (decimal 8363)
   defining Unicode char U+20AC (decimal 8364)
   defining Unicode char U+20B1 (decimal 8369)
   defining Unicode char U+2103 (decimal 8451)
   defining Unicode char U+2116 (decimal 8470)
   defining Unicode char U+2117 (decimal 8471)
   defining Unicode char U+211E (decimal 8478)
   defining Unicode char U+2120 (decimal 8480)
   defining Unicode char U+2122 (decimal 8482)
   defining Unicode char U+2126 (decimal 8486)
   defining Unicode char U+2127 (decimal 8487)
   defining Unicode char U+212E (decimal 8494)
   defining Unicode char U+2190 (decimal 8592)
   defining Unicode char U+2191 (decimal 8593)
   defining Unicode char U+2192 (decimal 8594)
   defining Unicode char U+2193 (decimal 8595)
   defining Unicode char U+2329 (decimal 9001)
   defining Unicode char U+232A (decimal 9002)
   defining Unicode char U+2422 (decimal 9250)
   defining Unicode char U+25E6 (decimal 9702)
   defining Unicode char U+25EF (decimal 9711)
   defining Unicode char U+266A (decimal 9834)
   defining Unicode char U+FEFF (decimal 65279)
))
LaTeX Info: Redefining \oldstylenums on input line 334.
Package textcomp Info: Setting cmr sub-encoding to TS1/0 on input line 349.
Package textcomp Info: Setting cmss sub-encoding to TS1/0 on input line 350.
Package textcomp Info: Setting cmtt sub-encoding to TS1/0 on input line 351.
Package textcomp Info: Setting cmvtt sub-encoding to TS1/0 on input line 352.
Package textcomp Info: Setting cmbr sub-encoding to TS1/0 on input line 353.
Package textcomp Info: Setting cmtl sub-encoding to TS1/0 on input line 354.
Package textcomp Info: Setting ccr sub-encoding to TS1/0 on input line 355.
Package textcomp Info: Setting ptm sub-encoding to TS1/4 on input line 356.
Package textcomp Info: Setting pcr sub-encoding to TS1/4 on input line 357.
Package textcomp Info: Setting phv sub-encoding to TS1/4 on input line 358.
Package textcomp Info: Setting ppl sub-encoding to TS1/3 on input line 359.
Package textcomp Info: Setting pag sub-encoding to TS1/4 on input line 360.
Package textcomp Info: Setting pbk sub-encoding to TS1/4 on input line 361.
Package textcomp Info: Setting pnc sub-encoding to TS1/4 on input line 362.
Package textcomp Info: Setting pzc sub-encoding to TS1/4 on input line 363.
Package textcomp Info: Setting bch sub-encoding to TS1/4 on input line 364.
Package textcomp Info: Setting put sub-encoding to TS1/5 on input line 365.
Package textcomp Info: Setting uag sub-encoding to TS1/5 on input line 366.
Package textcomp Info: Setting ugq sub-encoding to TS1/5 on input line 367.
Package textcomp Info: Setting ul8 sub-encoding to TS1/4 on input line 368.
Package textcomp Info: Setting ul9 sub-encoding to TS1/4 on input line 369.
Package textcomp Info: Setting augie sub-encoding to TS1/5 on input line 370.
Package textcomp Info: Setting dayrom sub-encoding to TS1/3 on input line 371.
Package textcomp Info: Setting dayroms sub-encoding to TS1/3 on input line 372.

Package textcomp Info: Setting pxr sub-encoding to TS1/0 on input line 373.
Package textcomp Info: Setting pxss sub-encoding to TS1/0 on input line 374.
Package textcomp Info: Setting pxtt sub-encoding to TS1/0 on input line 375.
Package textcomp Info: Setting txr sub-encoding to TS1/0 on input line 376.
Package textcomp Info: Setting txss sub-encoding to TS1/0 on input line 377.
Package textcomp Info: Setting txtt sub-encoding to TS1/0 on input line 378.
Package textcomp Info: Setting lmr sub-encoding to TS1/0 on input line 379.
Package textcomp Info: Setting lmdh sub-encoding to TS1/0 on input line 380.
Package textcomp Info: Setting lmss sub-encoding to TS1/0 on input line 381.
Package textcomp Info: Setting lmssq sub-encoding to TS1/0 on input line 382.
Package textcomp Info: Setting lmvtt sub-encoding to TS1/0 on input line 383.
Package textcomp Info: Setting lmtt sub-encoding to TS1/0 on input line 384.
Package textcomp Info: Setting qhv sub-encoding to TS1/0 on input line 385.
Package textcomp Info: Setting qag sub-encoding to TS1/0 on input line 386.
Package textcomp Info: Setting qbk sub-encoding to TS1/0 on input line 387.
Package textcomp Info: Setting qcr sub-encoding to TS1/0 on input line 388.
Package textcomp Info: Setting qcs sub-encoding to TS1/0 on input line 389.
Package textcomp Info: Setting qpl sub-encoding to TS1/0 on input line 390.
Package textcomp Info: Setting qtm sub-encoding to TS1/0 on input line 391.
Package textcomp Info: Setting qzc sub-encoding to TS1/0 on input line 392.
Package textcomp Info: Setting qhvc sub-encoding to TS1/0 on input line 393.
Package textcomp Info: Setting futs sub-encoding to TS1/4 on input line 394.
Package textcomp Info: Setting futx sub-encoding to TS1/4 on input line 395.
Package textcomp Info: Setting futj sub-encoding to TS1/4 on input line 396.
Package textcomp Info: Setting hlh sub-encoding to TS1/3 on input line 397.
Package textcomp Info: Setting hls sub-encoding to TS1/3 on input line 398.
Package textcomp Info: Setting hlst sub-encoding to TS1/3 on input line 399.
Package textcomp Info: Setting hlct sub-encoding to TS1/5 on input line 400.
Package textcomp Info: Setting hlx sub-encoding to TS1/5 on input line 401.
Package textcomp Info: Setting hlce sub-encoding to TS1/5 on input line 402.
Package textcomp Info: Setting hlcn sub-encoding to TS1/5 on input line 403.
Package textcomp Info: Setting hlcw sub-encoding to TS1/5 on input line 404.
Package textcomp Info: Setting hlcf sub-encoding to TS1/5 on input line 405.
Package textcomp Info: Setting pplx sub-encoding to TS1/3 on input line 406.
Package textcomp Info: Setting pplj sub-encoding to TS1/3 on input line 407.
Package textcomp Info: Setting ptmx sub-encoding to TS1/4 on input line 408.
Package textcomp Info: Setting ptmj sub-encoding to TS1/4 on input line 409.
)
("C:\Program Files\MiKTeX 2.9\tex\latex\base\fontenc.sty"
Package: fontenc 2017/04/05 v2.0i Standard LaTeX package

("C:\Program Files\MiKTeX 2.9\tex\latex\base\t1enc.def"
File: t1enc.def 2017/04/05 v2.0i Standard LaTeX file
LaTeX Font Info:    Redeclaring font encoding T1 on input line 48.
))
("C:\Program Files\MiKTeX 2.9\tex\latex\psnfss\mathptmx.sty"
Package: mathptmx 2005/04/12 PSNFSS-v9.2a Times w/ Math, improved (SPQR, WaS) 
LaTeX Font Info:    Redeclaring symbol font `operators' on input line 28.
LaTeX Font Info:    Overwriting symbol font `operators' in version `normal'
(Font)                  OT1/cmr/m/n --> OT1/ztmcm/m/n on input line 28.
LaTeX Font Info:    Overwriting symbol font `operators' in version `bold'
(Font)                  OT1/cmr/bx/n --> OT1/ztmcm/m/n on input line 28.
LaTeX Font Info:    Redeclaring symbol font `letters' on input line 29.
LaTeX Font Info:    Overwriting symbol font `letters' in version `normal'
(Font)                  OML/cmm/m/it --> OML/ztmcm/m/it on input line 29.
LaTeX Font Info:    Overwriting symbol font `letters' in version `bold'
(Font)                  OML/cmm/b/it --> OML/ztmcm/m/it on input line 29.
LaTeX Font Info:    Redeclaring symbol font `symbols' on input line 30.
LaTeX Font Info:    Overwriting symbol font `symbols' in version `normal'
(Font)                  OMS/cmsy/m/n --> OMS/ztmcm/m/n on input line 30.
LaTeX Font Info:    Overwriting symbol font `symbols' in version `bold'
(Font)                  OMS/cmsy/b/n --> OMS/ztmcm/m/n on input line 30.
LaTeX Font Info:    Redeclaring symbol font `largesymbols' on input line 31.
LaTeX Font Info:    Overwriting symbol font `largesymbols' in version `normal'
(Font)                  OMX/cmex/m/n --> OMX/ztmcm/m/n on input line 31.
LaTeX Font Info:    Overwriting symbol font `largesymbols' in version `bold'
(Font)                  OMX/cmex/m/n --> OMX/ztmcm/m/n on input line 31.
\symbold=\mathgroup4
\symitalic=\mathgroup5
LaTeX Font Info:    Redeclaring math alphabet \mathbf on input line 34.
LaTeX Font Info:    Overwriting math alphabet `\mathbf' in version `normal'
(Font)                  OT1/cmr/bx/n --> OT1/ptm/bx/n on input line 34.
LaTeX Font Info:    Overwriting math alphabet `\mathbf' in version `bold'
(Font)                  OT1/cmr/bx/n --> OT1/ptm/bx/n on input line 34.
LaTeX Font Info:    Redeclaring math alphabet \mathit on input line 35.
LaTeX Font Info:    Overwriting math alphabet `\mathit' in version `normal'
(Font)                  OT1/cmr/m/it --> OT1/ptm/m/it on input line 35.
LaTeX Font Info:    Overwriting math alphabet `\mathit' in version `bold'
(Font)                  OT1/cmr/bx/it --> OT1/ptm/m/it on input line 35.
LaTeX Info: Redefining \hbar on input line 50.
)
("C:\Program Files\MiKTeX 2.9\tex\latex\psnfss\helvet.sty"
Package: helvet 2005/04/12 PSNFSS-v9.2a (WaS) 
)
("C:\Program Files\MiKTeX 2.9\tex\latex\psnfss\courier.sty"
Package: courier 2005/04/12 PSNFSS-v9.2a (WaS) 
)
("C:\Program Files\MiKTeX 2.9\tex\latex\amsfonts\amssymb.sty"
Package: amssymb 2013/01/14 v3.01 AMS font symbols

("C:\Program Files\MiKTeX 2.9\tex\latex\amsfonts\amsfonts.sty"
Package: amsfonts 2013/01/14 v3.01 Basic AMSFonts support
\@emptytoks=\toks23
\symAMSa=\mathgroup6
\symAMSb=\mathgroup7
LaTeX Font Info:    Overwriting math alphabet `\mathfrak' in version `bold'
(Font)                  U/euf/m/n --> U/euf/b/n on input line 106.
))
("C:\Program Files\MiKTeX 2.9\tex\latex\sectsty\sectsty.sty"
Package: sectsty 2002/02/25 v2.0.2 Commands to change all sectional heading sty
les
)
("C:\Program Files\MiKTeX 2.9\tex\latex\geometry\geometry.sty"
Package: geometry 2018/04/16 v5.8 Page Geometry

("C:\Program Files\MiKTeX 2.9\tex\generic\oberdiek\ifpdf.sty"
Package: ifpdf 2017/03/15 v3.2 Provides the ifpdf switch
)
("C:\Program Files\MiKTeX 2.9\tex\generic\oberdiek\ifvtex.sty"
Package: ifvtex 2016/05/16 v1.6 Detect VTeX and its facilities (HO)
Package ifvtex Info: VTeX not detected.
)
("C:\Program Files\MiKTeX 2.9\tex\generic\ifxetex\ifxetex.sty"
Package: ifxetex 2010/09/12 v0.6 Provides ifxetex conditional
)
\Gm@cnth=\count111
\Gm@cntv=\count112
\c@Gm@tempcnt=\count113
\Gm@bindingoffset=\dimen134
\Gm@wd@mp=\dimen135
\Gm@odd@mp=\dimen136
\Gm@even@mp=\dimen137
\Gm@layoutwidth=\dimen138
\Gm@layoutheight=\dimen139
\Gm@layouthoffset=\dimen140
\Gm@layoutvoffset=\dimen141
\Gm@dimlist=\toks24

("C:\Program Files\MiKTeX 2.9\tex\latex\geometry\geometry.cfg"))
("C:\Program Files\MiKTeX 2.9\tex\latex\fancyhdr\fancyhdr.sty"
Package: fancyhdr 2017/06/30 v3.9a Extensive control of page headers and footer
s
\f@nch@headwidth=\skip58
\f@nch@O@elh=\skip59
\f@nch@O@erh=\skip60
\f@nch@O@olh=\skip61
\f@nch@O@orh=\skip62
\f@nch@O@elf=\skip63
\f@nch@O@erf=\skip64
\f@nch@O@olf=\skip65
\f@nch@O@orf=\skip66
)
("C:\Program Files\MiKTeX 2.9\tex\latex\natbib\natbib.sty"
Package: natbib 2010/09/13 8.31b (PWD, AO)
\bibhang=\skip67
\bibsep=\skip68
LaTeX Info: Redefining \cite on input line 694.
\c@NAT@ctr=\count114
)
("C:\Program Files\MiKTeX 2.9\tex\latex\tocloft\tocloft.sty"
Package: tocloft 2017/08/31 v2.3i parameterised ToC, etc., typesetting
Package tocloft Info: The document has chapter divisions on input line 51.
\cftparskip=\skip69
\cftbeforetoctitleskip=\skip70
\cftaftertoctitleskip=\skip71
\cftbeforepartskip=\skip72
\cftpartnumwidth=\skip73
\cftpartindent=\skip74
\cftbeforechapskip=\skip75
\cftchapindent=\skip76
\cftchapnumwidth=\skip77
\cftbeforesecskip=\skip78
\cftsecindent=\skip79
\cftsecnumwidth=\skip80
\cftbeforesubsecskip=\skip81
\cftsubsecindent=\skip82
\cftsubsecnumwidth=\skip83
\cftbeforesubsubsecskip=\skip84
\cftsubsubsecindent=\skip85
\cftsubsubsecnumwidth=\skip86
\cftbeforeparaskip=\skip87
\cftparaindent=\skip88
\cftparanumwidth=\skip89
\cftbeforesubparaskip=\skip90
\cftsubparaindent=\skip91
\cftsubparanumwidth=\skip92
\cftbeforeloftitleskip=\skip93
\cftafterloftitleskip=\skip94
\cftbeforefigskip=\skip95
\cftfigindent=\skip96
\cftfignumwidth=\skip97
\c@lofdepth=\count115
\c@lotdepth=\count116
\cftbeforelottitleskip=\skip98
\cftafterlottitleskip=\skip99
\cftbeforetabskip=\skip100
\cfttabindent=\skip101
\cfttabnumwidth=\skip102
)
\@indexfile=\write3
\openout3 = `refman.idx'.


Writing index file refman.idx
("C:\Program Files\MiKTeX 2.9\tex\latex\hyperref\hyperref.sty"
Package: hyperref 2018/02/06 v6.86b Hypertext links for LaTeX

("C:\Program Files\MiKTeX 2.9\tex\generic\oberdiek\hobsub-hyperref.sty"
Package: hobsub-hyperref 2016/05/16 v1.14 Bundle oberdiek, subset hyperref (HO)


("C:\Program Files\MiKTeX 2.9\tex\generic\oberdiek\hobsub-generic.sty"
Package: hobsub-generic 2016/05/16 v1.14 Bundle oberdiek, subset generic (HO)
Package: hobsub 2016/05/16 v1.14 Construct package bundles (HO)
Package: infwarerr 2016/05/16 v1.4 Providing info/warning/error messages (HO)
Package: ltxcmds 2016/05/16 v1.23 LaTeX kernel commands for general use (HO)
Package: ifluatex 2016/05/16 v1.4 Provides the ifluatex switch (HO)
Package ifluatex Info: LuaTeX not detected.
Package hobsub Info: Skipping package `ifvtex' (already loaded).
Package: intcalc 2016/05/16 v1.2 Expandable calculations with integers (HO)
Package hobsub Info: Skipping package `ifpdf' (already loaded).
Package: etexcmds 2016/05/16 v1.6 Avoid name clashes with e-TeX commands (HO)
Package etexcmds Info: Could not find \expanded.
(etexcmds)             That can mean that you are not using pdfTeX 1.50 or
(etexcmds)             that some package has redefined \expanded.
(etexcmds)             In the latter case, load this package earlier.
Package: kvsetkeys 2016/05/16 v1.17 Key value parser (HO)
Package: kvdefinekeys 2016/05/16 v1.4 Define keys (HO)
Package: pdftexcmds 2018/01/30 v0.27 Utility functions of pdfTeX for LuaTeX (HO
)
Package pdftexcmds Info: LuaTeX not detected.
Package pdftexcmds Info: \pdf@primitive is available.
Package pdftexcmds Info: \pdf@ifprimitive is available.
Package pdftexcmds Info: \pdfdraftmode found.
Package: pdfescape 2016/05/16 v1.14 Implements pdfTeX's escape features (HO)
Package: bigintcalc 2016/05/16 v1.4 Expandable calculations on big integers (HO
)
Package: bitset 2016/05/16 v1.2 Handle bit-vector datatype (HO)
Package: uniquecounter 2016/05/16 v1.3 Provide unlimited unique counter (HO)
)
Package hobsub Info: Skipping package `hobsub' (already loaded).
Package: letltxmacro 2016/05/16 v1.5 Let assignment for LaTeX macros (HO)
Package: hopatch 2016/05/16 v1.3 Wrapper for package hooks (HO)
Package: xcolor-patch 2016/05/16 xcolor patch
Package: atveryend 2016/05/16 v1.9 Hooks at the very end of document (HO)
Package atveryend Info: \enddocument detected (standard20110627).
Package: atbegshi 2016/06/09 v1.18 At begin shipout hook (HO)
Package: refcount 2016/05/16 v3.5 Data extraction from label references (HO)
Package: hycolor 2016/05/16 v1.8 Color options for hyperref/bookmark (HO)
)
("C:\Program Files\MiKTeX 2.9\tex\latex\oberdiek\auxhook.sty"
Package: auxhook 2016/05/16 v1.4 Hooks for auxiliary files (HO)
)
("C:\Program Files\MiKTeX 2.9\tex\latex\oberdiek\kvoptions.sty"
Package: kvoptions 2016/05/16 v3.12 Key value format for package options (HO)
)
\@linkdim=\dimen142
\Hy@linkcounter=\count117
\Hy@pagecounter=\count118

("C:\Program Files\MiKTeX 2.9\tex\latex\hyperref\pd1enc.def"
File: pd1enc.def 2018/02/06 v6.86b Hyperref: PDFDocEncoding definition (HO)
Now handling font encoding PD1 ...
... no UTF-8 mapping file for font encoding PD1
)
\Hy@SavedSpaceFactor=\count119

("C:\Program Files\MiKTeX 2.9\tex\latex\00miktex\hyperref.cfg"
File: hyperref.cfg 2002/06/06 v1.2 hyperref configuration of TeXLive
)
Package hyperref Info: Hyper figures OFF on input line 4509.
Package hyperref Info: Link nesting OFF on input line 4514.
Package hyperref Info: Hyper index ON on input line 4517.
Package hyperref Info: Plain pages OFF on input line 4524.
Package hyperref Info: Backreferencing ON on input line 4527.
Package hyperref Info: Implicit mode ON; LaTeX internals redefined.
Package hyperref Info: Bookmarks ON on input line 4762.

("C:\Program Files\MiKTeX 2.9\tex\latex\hyperref\backref.sty"
Package: backref 2016/05/21 v1.39 Bibliographical back referencing

("C:\Program Files\MiKTeX 2.9\tex\latex\oberdiek\rerunfilecheck.sty"
Package: rerunfilecheck 2016/05/16 v1.8 Rerun checks for auxiliary files (HO)
Package uniquecounter Info: New unique counter `rerunfilecheck' on input line 2
82.
))
\c@Hy@tempcnt=\count120

("C:\Program Files\MiKTeX 2.9\tex\latex\url\url.sty"
\Urlmuskip=\muskip10
Package: url 2013/09/16  ver 3.4  Verb mode for urls, etc.
)
LaTeX Info: Redefining \url on input line 5115.
\XeTeXLinkMargin=\dimen143
\Fld@menulength=\count121
\Field@Width=\dimen144
\Fld@charsize=\dimen145
Package hyperref Info: Hyper figures OFF on input line 6369.
Package hyperref Info: Link nesting OFF on input line 6374.
Package hyperref Info: Hyper index ON on input line 6377.
Package hyperref Info: backreferencing ON on input line 6382.
Package hyperref Info: Link coloring OFF on input line 6389.
Package hyperref Info: Link coloring with OCG OFF on input line 6394.
Package hyperref Info: PDF/A mode OFF on input line 6399.
LaTeX Info: Redefining \ref on input line 6439.
LaTeX Info: Redefining \pageref on input line 6443.
\Hy@abspage=\count122
\c@Item=\count123
\c@Hfootnote=\count124
)
Package hyperref Info: Driver: hpdftex.

("C:\Program Files\MiKTeX 2.9\tex\latex\hyperref\hpdftex.def"
File: hpdftex.def 2018/02/06 v6.86b Hyperref driver for pdfTeX
\Fld@listcount=\count125
\c@bookmark@seq@number=\count126
\Hy@SectionHShift=\skip103
)
Package hyperref Info: Option `colorlinks' set `true' on input line 101.
Package hyperref Info: Option `unicode' set `true' on input line 101.

("C:\Program Files\MiKTeX 2.9\tex\latex\hyperref\puenc.def"
File: puenc.def 2018/02/06 v6.86b Hyperref: PDF Unicode definition (HO)
Now handling font encoding PU ...
... no UTF-8 mapping file for font encoding PU
) (refman.aux
(group___c_a_n__funzionale__group.aux) (group___c_a_n__servizi__group.aux)
(group___board__model__group.aux)

LaTeX Warning: Label `group___board__model__group_gaea8caf3e051442ba02c4e44a596
02796' multiply defined.


LaTeX Warning: Label `group___board__model__group_ga8d2f70cd4c07aafe94fd9944121
922d9' multiply defined.


LaTeX Warning: Label `group___board__model__group_ga15003800bba3fb64e770c6a9206
13419' multiply defined.


LaTeX Warning: Label `group___board__model__group_gab421578437964f5c645163739a0
803e7' multiply defined.


LaTeX Warning: Label `group___board__model__group_ga349316092037fdd0773335fab4e
15ee8' multiply defined.


LaTeX Warning: Label `group___board__model__group_ga145103118f6d9d1129aa4509cf2
14a13' multiply defined.


LaTeX Warning: Label `group___board__model__group_ga78a99c4f7bcb7723d7bf21810c4
ce09b' multiply defined.


LaTeX Warning: Label `group___board__model__group_ga1bcd7461cf494d3235f792bf3d8
14923' multiply defined.


LaTeX Warning: Label `group___board__model__group_gacd9448edb89c378d843fc3cb93a
098d3' multiply defined.


LaTeX Warning: Label `group___board__model__group_gad6c9e9b63f53c664772ee858436
e0ae9' multiply defined.


LaTeX Warning: Label `group___board__model__group_ga604c7f4c9fe74f1d9877071bbee
1c9e0' multiply defined.


LaTeX Warning: Label `group___board__model__group_gae9aa914854f611488701c96a330
b0bd4' multiply defined.


LaTeX Warning: Label `group___board__model__group_ga99b2a7dadaf495e3c559a46440f
9141f' multiply defined.


LaTeX Warning: Label `group___board__model__group_gab13a816bae3ca994897fc6f1cb5
90a67' multiply defined.


LaTeX Warning: Label `group___board__model__group_ga4cecb8c10512873904099a1a88d
69ed3' multiply defined.


LaTeX Warning: Label `group___board__model__group_gad632b56bf4c6259a390c3db9160
7078e' multiply defined.


LaTeX Warning: Label `group___board__model__group_ga310547321c4a016c4ad19922920
fadfd' multiply defined.


LaTeX Warning: Label `group___board__model__group_gabbdb157ae4ad39d102935c21fa3
0d1c5' multiply defined.


LaTeX Warning: Label `group___board__model__group_ga564adb575db2620ac85e3abdd6a
5bbaf' multiply defined.


LaTeX Warning: Label `group___c_a_n__funzionale__group_ga8cd40fe9b965184307fe58
86fcef6236' multiply defined.


LaTeX Warning: Label `group___c_a_n__funzionale__group_ga392f688b1edd69f29b4881
8a5b9b19ae' multiply defined.


LaTeX Warning: Label `group___c_a_n__funzionale__group_ga979fff19d884e9a83eecc2
309b36ad0c' multiply defined.


LaTeX Warning: Label `group___c_a_n__funzionale__group_ga99ead1878913db87bc7cc8
08a8392e21' multiply defined.


LaTeX Warning: Label `group___c_a_n__module__group_ga5703fd8de5ab8d0dcedb561f21
78829e' multiply defined.


LaTeX Warning: Label `group___c_a_n__funzionale__group_ga59ea82aec4abe07072cbda
d555a8c1b9' multiply defined.


LaTeX Warning: Label `group___c_a_n__servizi__group_ga8d64b6b4c0f02ebded5440c62
50e03b9' multiply defined.


LaTeX Warning: Label `group___c_a_n__servizi__group_gaceef3f7366b39e88d89cb98ad
8094c7b' multiply defined.


LaTeX Warning: Label `group___c_a_n__servizi__group_gaf351ebc02b2d28174f8e4b18f
f9edf5f' multiply defined.


LaTeX Warning: Label `group___c_a_n__servizi__group_gafc26efcf97051372e70a8d0f2
f0c79f0' multiply defined.


LaTeX Warning: Label `group___c_a_n__servizi__group_gad3e88db55b4105026b7e451f8
53a796b' multiply defined.


LaTeX Warning: Label `group___c_a_n__servizi__group_gacad002b7cb06bffa8811859e6
f53cb28' multiply defined.


LaTeX Warning: Label `group___c_a_n__servizi__group_gadcbd4ad67b50cf61731266bf5
c5ba158' multiply defined.


LaTeX Warning: Label `group___c_a_n__servizi__group_gaa9de48f5a49bc92a608ed315c
087f3a6' multiply defined.


LaTeX Warning: Label `group___c_a_n__servizi__group_gae505d69d6ac9d4e7e3c2268ca
6cb20b3' multiply defined.


LaTeX Warning: Label `group___c_a_n__servizi__group_gac6f04deffa2553115dad7c8b4
5e14d8b' multiply defined.


LaTeX Warning: Label `group___board__model__group_ga602abb8ec84dcb3b6f854a73831
0ea46' multiply defined.


LaTeX Warning: Label `group___board__model__group_gaabe0f927d44a09f458bd5fe5ab4
e2f7f' multiply defined.


LaTeX Warning: Label `group___board__model__group_gaf0098a1eafb8a60a1c65773e106
4d595' multiply defined.


LaTeX Warning: Label `group___board__model__group_ga555a695bf58df062dc03f0e892d
95cd7' multiply defined.


LaTeX Warning: Label `group___board__model__group_ga3e1022cd2e2154437b583f7ff83
f2960' multiply defined.


LaTeX Warning: Label `group___board__model__group_ga8b6fbd5b46174be3b86bc1ab5da
a9080' multiply defined.


LaTeX Warning: Label `group___board__model__group_ga065dcfa648ca52ed6214008cb17
7de36' multiply defined.


LaTeX Warning: Label `group___board__model__group_ga7ce02d79fba23321a377a26a963
e2bdf' multiply defined.


LaTeX Warning: Label `group___board__model__group_ga24019e59e805c7acf8f816e141d
3d689' multiply defined.


LaTeX Warning: Label `group___board__model__group_gade98eccd60c9b68cde78ca4c000
9a84c' multiply defined.


LaTeX Warning: Label `group___board__model__group_ga58133efa918e1af6c0cc436137c
78cc0' multiply defined.


LaTeX Warning: Label `group___board__model__group_gaf7b7dc9a200cb1404c280bd500f
d1551' multiply defined.


LaTeX Warning: Label `group___board__model__group_ga6741cba3daf129b6f73eed1b1db
09519' multiply defined.


LaTeX Warning: Label `group___board__model__group_ga9c9aa914f6b372d9ef3f15ce410
8da6a' multiply defined.


LaTeX Warning: Label `group___board__model__group_gac8be8d89c699c40b79d04c0fdf6
238f4' multiply defined.


LaTeX Warning: Label `group___board__model__group_gadfcc723e175ac44e73e38407299
ac875' multiply defined.


LaTeX Warning: Label `group___board__model__group_ga891de03ab9e1bd9a92ffffe69a1
b10ca' multiply defined.


LaTeX Warning: Label `group___board__model__group_ga0aed20cafcc206360abda47b125
432c7' multiply defined.


LaTeX Warning: Label `group___board__model__group_gaedc241164d501dcbc52cde23233
3c9cf' multiply defined.


LaTeX Warning: Label `group___board__model__group_ga7c7f5690cca986bc3fb2f6dcbda
24690' multiply defined.


LaTeX Warning: Label `group___board__model__group_gae1f465253d690605c0948394a3f
055f4' multiply defined.


LaTeX Warning: Label `group___board__model__group_ga709add26e40f60e3add32981ea2
a5868' multiply defined.


LaTeX Warning: Label `group___board__model__group_ga3e919d1e6477d52b4ccddd49735
1d3ec' multiply defined.


LaTeX Warning: Label `group___board__model__group_gaf6aa7f974533c4306128757d063
4572a' multiply defined.


LaTeX Warning: Label `group___board__model__group_ga3d6043851868b7da3c1d6381f83
5a559' multiply defined.


LaTeX Warning: Label `group___board__model__group_gaa8a9b03858f40eadfd5d3d6c3e2
66834' multiply defined.


LaTeX Warning: Label `group___board__model__group_gad7966e70fb4bebc6947eb3fbb05
9a3c9' multiply defined.


LaTeX Warning: Label `group___board__model__group_ga0b4151ed3267a5fae4789f4b3ff
e7bbd' multiply defined.


LaTeX Warning: Label `group___board__model__group_gaf1d46fb483b2a63c3da25c11688
af7c4' multiply defined.


LaTeX Warning: Label `group___board__model__group_ga51d40eb16833e50f71e595ab0a4
5795e' multiply defined.


LaTeX Warning: Label `group___board__model__group_ga53381436ea8db96c356db8b305b
ec988' multiply defined.


LaTeX Warning: Label `group___board__model__group_gab03e92ec2b5f742e5a147a6589d
3975e' multiply defined.


LaTeX Warning: Label `group___board__model__group_ga744857a9bc060647cfc4ad47017
c5bee' multiply defined.


LaTeX Warning: Label `group___board__model__group_gaaf843a7e652e5cf9b270d0b211b
e937c' multiply defined.


LaTeX Warning: Label `group___board__model__group_gad2658b77f345b15c03759c02d1b
a0e81' multiply defined.


LaTeX Warning: Label `group___board__model__group_gafef4d6ed48b3edc5f7a74defba8
2e7d8' multiply defined.


LaTeX Warning: Label `group___board__model__group_gabaadbcc3b48e8ec3798741a74a6
72046' multiply defined.


LaTeX Warning: Label `group___board__model__group_ga481292a7bd814aefcdc2deb9872
f5421' multiply defined.


LaTeX Warning: Label `group___board__model__group_ga56b9cca331f294c3249df72b9f3
7ff2a' multiply defined.


LaTeX Warning: Label `group___board__model__group_ga8ce089b65afda1dee23f7ecefd0
cb873' multiply defined.

)
\openout1 = `refman.aux'.

LaTeX Font Info:    Checking defaults for OML/cmm/m/it on input line 111.
LaTeX Font Info:    ... okay on input line 111.
LaTeX Font Info:    Checking defaults for T1/cmr/m/n on input line 111.
LaTeX Font Info:    ... okay on input line 111.
LaTeX Font Info:    Checking defaults for OT1/cmr/m/n on input line 111.
LaTeX Font Info:    ... okay on input line 111.
LaTeX Font Info:    Checking defaults for OMS/cmsy/m/n on input line 111.
LaTeX Font Info:    ... okay on input line 111.
LaTeX Font Info:    Checking defaults for OMX/cmex/m/n on input line 111.
LaTeX Font Info:    ... okay on input line 111.
LaTeX Font Info:    Checking defaults for U/cmr/m/n on input line 111.
LaTeX Font Info:    ... okay on input line 111.
LaTeX Font Info:    Checking defaults for TS1/cmr/m/n on input line 111.
LaTeX Font Info:    Try loading font information for TS1+cmr on input line 111.

 ("C:\Program Files\MiKTeX 2.9\tex\latex\base\ts1cmr.fd"
File: ts1cmr.fd 2014/09/29 v2.5h Standard LaTeX font definitions
)
LaTeX Font Info:    ... okay on input line 111.
LaTeX Font Info:    Checking defaults for PD1/pdf/m/n on input line 111.
LaTeX Font Info:    ... okay on input line 111.
LaTeX Font Info:    Checking defaults for PU/pdf/m/n on input line 111.
LaTeX Font Info:    ... okay on input line 111.
LaTeX Font Info:    Try loading font information for T1+phv on input line 111.

("C:\Program Files\MiKTeX 2.9\tex\latex\psnfss\t1phv.fd"
File: t1phv.fd 2001/06/04 scalable font definitions for T1/phv.
)
LaTeX Font Info:    Font shape `T1/phv/m/n' will be
(Font)              scaled to size 8.99994pt on input line 111.

("C:\Program Files\MiKTeX 2.9\tex\context\base\supp-pdf.mkii"
[Loading MPS to PDF converter (version 2006.09.02).]
\scratchcounter=\count127
\scratchdimen=\dimen146
\scratchbox=\box58
\nofMPsegments=\count128
\nofMParguments=\count129
\everyMPshowfont=\toks25
\MPscratchCnt=\count130
\MPscratchDim=\dimen147
\MPnumerator=\count131
\makeMPintoPDFobject=\count132
\everyMPtoPDFconversion=\toks26
) ("C:\Program Files\MiKTeX 2.9\tex\latex\oberdiek\epstopdf-base.sty"
Package: epstopdf-base 2016/05/15 v2.6 Base part for package epstopdf

("C:\Program Files\MiKTeX 2.9\tex\latex\oberdiek\grfext.sty"
Package: grfext 2016/05/16 v1.2 Manage graphics extensions (HO)
)
Package epstopdf-base Info: Redefining graphics rule for `.eps' on input line 4
38.
Package grfext Info: Graphics extension search list:
(grfext)             [.pdf,.png,.jpg,.mps,.jpeg,.jbig2,.jb2,.PDF,.PNG,.JPG,.JPE
G,.JBIG2,.JB2,.eps]
(grfext)             \AppendGraphicsExtensions on input line 456.
)
\big@size=\dimen148

*geometry* driver: auto-detecting
*geometry* detected driver: pdftex
*geometry* verbose mode - [ preamble ] result:
* driver: pdftex
* paper: a4paper
* layout: <same size as paper>
* layoutoffset:(h,v)=(0.0pt,0.0pt)
* modes: twoside 
* h-part:(L,W,R)=(71.13188pt, 455.24411pt, 71.13188pt)
* v-part:(T,H,B)=(71.13188pt, 702.78308pt, 71.13188pt)
* \paperwidth=597.50787pt
* \paperheight=845.04684pt
* \textwidth=455.24411pt
* \textheight=702.78308pt
* \oddsidemargin=-1.1381pt
* \evensidemargin=-1.1381pt
* \topmargin=-31.2056pt
* \headheight=12.0pt
* \headsep=18.06749pt
* \topskip=10.0pt
* \footskip=25.29494pt
* \marginparwidth=125.0pt
* \marginparsep=7.0pt
* \columnsep=10.0pt
* \skip\footins=9.0pt plus 4.0pt minus 2.0pt
* \hoffset=0.0pt
* \voffset=0.0pt
* \mag=1000
* \@twocolumnfalse
* \@twosidetrue
* \@mparswitchtrue
* \@reversemarginfalse
* (1in=72.27pt=25.4mm, 1cm=28.453pt)

\AtBeginShipoutBox=\box59
Package backref Info: ** backref set up for natbib ** on input line 111.
Package hyperref Info: Link coloring ON on input line 111.
("C:\Program Files\MiKTeX 2.9\tex\latex\hyperref\nameref.sty"
Package: nameref 2016/05/21 v2.44 Cross-referencing by name of section

("C:\Program Files\MiKTeX 2.9\tex\generic\oberdiek\gettitlestring.sty"
Package: gettitlestring 2016/05/16 v1.5 Cleanup title references (HO)
)
\c@section@level=\count133
)
LaTeX Info: Redefining \ref on input line 111.
LaTeX Info: Redefining \pageref on input line 111.
LaTeX Info: Redefining \nameref on input line 111.

(refman.out) (refman.out)
\@outlinefile=\write4
\openout4 = `refman.out'.

Package hyperref Info: Option `pageanchor' set `false' on input line 114.
LaTeX Font Info:    Font shape `T1/phv/m/n' will be
(Font)              scaled to size 12.9599pt on input line 119.
LaTeX Font Info:    Font shape `T1/phv/m/n' will be
(Font)              scaled to size 10.79993pt on input line 121.
LaTeX Font Info:    Font shape `T1/phv/m/n' will be
(Font)              scaled to size 8.09995pt on input line 123.
 [1


{C:/Users/marel/AppData/Local/MiKTeX/2.9/pdftex/config/pdftex.map}] [2

]
LaTeX Font Info:    Font shape `T1/phv/m/n' will be
(Font)              scaled to size 22.39185pt on input line 127.
LaTeX Font Info:    Font shape `T1/phv/bx/n' in size <24.88> not available
(Font)              Font shape `T1/phv/b/n' tried instead on input line 127.
LaTeX Font Info:    Font shape `T1/phv/b/n' will be
(Font)              scaled to size 22.39185pt on input line 127.
LaTeX Font Info:    Font shape `T1/phv/bc/n' will be
(Font)              scaled to size 22.39185pt on input line 127.
 (refman.toc
LaTeX Font Info:    Font shape `T1/phv/bx/n' in size <10> not available
(Font)              Font shape `T1/phv/b/n' tried instead on input line 1.
LaTeX Font Info:    Font shape `T1/phv/b/n' will be
(Font)              scaled to size 8.99994pt on input line 1.
LaTeX Font Info:    Try loading font information for OT1+ztmcm on input line 1.


("C:\Program Files\MiKTeX 2.9\tex\latex\psnfss\ot1ztmcm.fd"
File: ot1ztmcm.fd 2000/01/03 Fontinst v1.801 font definitions for OT1/ztmcm.
)
LaTeX Font Info:    Try loading font information for OML+ztmcm on input line 1.


("C:\Program Files\MiKTeX 2.9\tex\latex\psnfss\omlztmcm.fd"
File: omlztmcm.fd 2000/01/03 Fontinst v1.801 font definitions for OML/ztmcm.
)
LaTeX Font Info:    Try loading font information for OMS+ztmcm on input line 1.


("C:\Program Files\MiKTeX 2.9\tex\latex\psnfss\omsztmcm.fd"
File: omsztmcm.fd 2000/01/03 Fontinst v1.801 font definitions for OMS/ztmcm.
)
LaTeX Font Info:    Try loading font information for OMX+ztmcm on input line 1.


("C:\Program Files\MiKTeX 2.9\tex\latex\psnfss\omxztmcm.fd"
File: omxztmcm.fd 2000/01/03 Fontinst v1.801 font definitions for OMX/ztmcm.
)
LaTeX Font Info:    Try loading font information for OT1+ptm on input line 1.

("C:\Program Files\MiKTeX 2.9\tex\latex\psnfss\ot1ptm.fd"
File: ot1ptm.fd 2001/06/04 font definitions for OT1/ptm.
)
LaTeX Font Info:    Font shape `OT1/ptm/bx/n' in size <10> not available
(Font)              Font shape `OT1/ptm/b/n' tried instead on input line 1.
LaTeX Font Info:    Font shape `OT1/ptm/bx/n' in size <7.4> not available
(Font)              Font shape `OT1/ptm/b/n' tried instead on input line 1.
LaTeX Font Info:    Font shape `OT1/ptm/bx/n' in size <6> not available
(Font)              Font shape `OT1/ptm/b/n' tried instead on input line 1.
 [3

]
LaTeX Font Info:    Font shape `T1/phv/bx/n' in size <7> not available
(Font)              Font shape `T1/phv/b/n' tried instead on input line 70.
LaTeX Font Info:    Font shape `T1/phv/b/n' will be
(Font)              scaled to size 6.29996pt on input line 70.
 [4]
LaTeX Font Info:    Font shape `T1/phv/bx/n' in size <12> not available
(Font)              Font shape `T1/phv/b/n' tried instead on input line 84.
LaTeX Font Info:    Font shape `T1/phv/b/n' will be
(Font)              scaled to size 10.79993pt on input line 84.
LaTeX Font Info:    Font shape `OT1/ptm/bx/n' in size <12> not available
(Font)              Font shape `OT1/ptm/b/n' tried instead on input line 84.
LaTeX Font Info:    Font shape `OT1/ptm/bx/n' in size <9> not available
(Font)              Font shape `OT1/ptm/b/n' tried instead on input line 84.
LaTeX Font Info:    Font shape `OT1/ptm/bx/n' in size <7> not available
(Font)              Font shape `OT1/ptm/b/n' tried instead on input line 84.
)
\tf@toc=\write5
\openout5 = `refman.toc'.

 [5]
[6

]
Package hyperref Info: Option `pageanchor' set `true' on input line 130.

Chapter 1.
LaTeX Font Info:    Font shape `T1/phv/m/n' will be
(Font)              scaled to size 18.66588pt on input line 133.
LaTeX Font Info:    Font shape `T1/phv/bx/n' in size <20.74> not available
(Font)              Font shape `T1/phv/b/n' tried instead on input line 133.
LaTeX Font Info:    Font shape `T1/phv/b/n' will be
(Font)              scaled to size 18.66588pt on input line 133.
LaTeX Font Info:    Font shape `T1/phv/bc/n' will be
(Font)              scaled to size 18.66588pt on input line 133.
(index.tex
LaTeX Font Info:    Try loading font information for TS1+phv on input line 3.
 ("C:\Program Files\MiKTeX 2.9\tex\latex\psnfss\ts1phv.fd"
File: ts1phv.fd 2001/06/04 scalable font definitions for TS1/phv.
)
LaTeX Font Info:    Font shape `TS1/phv/m/n' will be
(Font)              scaled to size 8.99994pt on input line 3.
) [1

]
[2

]
Chapter 2.
(_c_a_n.tex) [3] [4

]
Chapter 3.
(modules.tex
LaTeX Font Info:    Font shape `T1/phv/bx/n' in size <14.4> not available
(Font)              Font shape `T1/phv/b/n' tried instead on input line 1.
LaTeX Font Info:    Font shape `T1/phv/b/n' will be
(Font)              scaled to size 12.9599pt on input line 1.
LaTeX Font Info:    Font shape `T1/phv/bc/n' will be
(Font)              scaled to size 12.9599pt on input line 1.
) [5] [6

]
Chapter 4.
(files.tex

LaTeX Warning: Reference `def_8h' on page 7 undefined on input line 12.


LaTeX Warning: Reference `filter_8cpp' on page 7 undefined on input line 13.


LaTeX Warning: Reference `filter_8h' on page 7 undefined on input line 14.


LaTeX Warning: Reference `rtds_8cpp' on page 7 undefined on input line 17.


LaTeX Warning: Reference `rtds_8h' on page 7 undefined on input line 18.


LaTeX Warning: Reference `states_8cpp' on page 7 undefined on input line 19.


LaTeX Warning: Reference `states_8h' on page 7 undefined on input line 20.

) [7] [8

]
Chapter 5.
(group___c_a_n__module__group.tex
LaTeX Font Info:    Font shape `T1/phv/bc/n' will be
(Font)              scaled to size 10.79993pt on input line 4.
LaTeX Font Info:    Font shape `T1/phv/m/it' in size <9> not available
(Font)              Font shape `T1/phv/m/sl' tried instead on input line 16.
LaTeX Font Info:    Font shape `T1/phv/m/sl' will be
(Font)              scaled to size 8.09995pt on input line 16.
LaTeX Font Info:    Font shape `T1/phv/bc/n' will be
(Font)              scaled to size 8.99994pt on input line 34.

Underfull \hbox (badness 10000) detected at line 39
[][][]
 []

LaTeX Font Info:    Try loading font information for T1+pcr on input line 41.
("C:\Program Files\MiKTeX 2.9\tex\latex\psnfss\t1pcr.fd"
File: t1pcr.fd 2001/06/04 font definitions for T1/pcr.
)
LaTeX Font Info:    Font shape `T1/phv/m/it' in size <10> not available
(Font)              Font shape `T1/phv/m/sl' tried instead on input line 45.
LaTeX Font Info:    Font shape `T1/phv/m/sl' will be
(Font)              scaled to size 8.99994pt on input line 45.
) [9]
\openout2 = `group___c_a_n__funzionale__group.aux'.


(group___c_a_n__funzionale__group.tex
LaTeX Font Info:    Font shape `T1/phv/bc/it' in size <10> not available
(Font)              Font shape `T1/phv/bc/sl' tried instead on input line 60.
LaTeX Font Info:    Font shape `T1/phv/bc/sl' will be
(Font)              scaled to size 8.99994pt on input line 60.
 [10

]
Underfull \hbox (badness 10000) detected at line 65
[][][]
 []


Underfull \hbox (badness 10000) in alignment at lines 89--93
[][][] 
 []


Underfull \hbox (badness 10000) detected at line 96
[][][]
 []


Underfull \hbox (badness 10000) detected at line 120
[][][]
 []

[11]
Underfull \hbox (badness 10000) detected at line 146
[][][]
 []


Underfull \hbox (badness 10000) detected at line 157
[][][]
 []


Underfull \hbox (badness 10000) detected at line 183
[][][]
 []


Underfull \hbox (badness 10000) detected at line 211
[][][]
 []

[12]
Underfull \hbox (badness 10000) detected at line 222
[][][]
 []


Underfull \hbox (badness 10000) detected at line 248
[][][]
 []


Underfull \hbox (badness 10000) detected at line 269
[][][]
 []


Underfull \hbox (badness 10000) detected at line 273
[][][]
 []


Underfull \hbox (badness 10000) detected at line 291
[][][]
 []

[13]
Underfull \hbox (badness 10000) detected at line 317
[][][]
 []

) [14]
\openout2 = `group___c_a_n__servizi__group.aux'.

 (group___c_a_n__servizi__group.tex [15


]
Underfull \hbox (badness 10000) detected at line 94
[][][]
 []

[16]
Underfull \hbox (badness 10000) detected at line 132
[][][]
 []


Underfull \hbox (badness 10000) detected at line 156
[][][]
 []


Underfull \hbox (badness 10000) detected at line 177
[][][]
 []


Underfull \hbox (badness 10000) detected at line 188
[][][]
 []

[17]
Underfull \hbox (badness 10000) detected at line 214
[][][]
 []


Underfull \hbox (badness 10000) detected at line 240
[][][]
 []


Underfull \hbox (badness 10000) detected at line 266
[][][]
 []

[18]
Underfull \hbox (badness 10000) detected at line 292
[][][]
 []


Underfull \hbox (badness 10000) detected at line 296
[][][]
 []


Underfull \hbox (badness 10000) detected at line 314
[][][]
 []


Underfull \hbox (badness 10000) detected at line 340
[][][]
 []


Underfull \hbox (badness 10000) detected at line 344
[][][]
 []


Underfull \hbox (badness 10000) detected at line 362
[][][]
 []


Underfull \hbox (badness 10000) detected at line 366
[][][]
 []

[19]
Underfull \hbox (badness 10000) detected at line 384
[][][]
 []


Underfull \hbox (badness 10000) detected at line 388
[][][]
 []


Underfull \hbox (badness 10000) detected at line 406
[][][]
 []


Underfull \hbox (badness 10000) detected at line 432
[][][]
 []

[20]) [21]
\openout2 = `group___board__model__group.aux'.

 (group___board__model__group.tex [22


] [23]
Underfull \hbox (badness 10000) detected at line 221
[][][]
 []

[24]
Underfull \hbox (badness 10000) detected at line 247
[][][]
 []


Underfull \hbox (badness 10000) detected at line 251
[][][]
 []


Underfull \hbox (badness 10000) detected at line 269
[][][]
 []


Underfull \hbox (badness 10000) detected at line 295
[][][]
 []


Underfull \hbox (badness 10000) detected at line 299
[][][]
 []


Underfull \hbox (badness 10000) detected at line 317
[][][]
 []


Underfull \hbox (badness 10000) detected at line 321
[][][]
 []

[25]
Underfull \hbox (badness 10000) detected at line 339
[][][]
 []


Underfull \hbox (badness 10000) detected at line 343
[][][]
 []


Underfull \hbox (badness 10000) detected at line 361
[][][]
 []

) [26]
Chapter 6.
(board__pinout_8h.texpdfTeX warning (ext4): destination with the same identifie
r (name{group___board__model__group_gaea8caf3e051442ba02c4e44a59602796}) has be
en already used, duplicate ignored
<to be read again> 
                   \relax 
l.12 ...-\_\-\-F\-U\-N\-Z\-I\-O\-N\-A\-L\-E}~Can1}
                                                  \label{group___board__mode...
pdfTeX warning (ext4): destination with the same identifier (name{group___board
__model__group_ga8d2f70cd4c07aafe94fd9944121922d9}) has been already used, dupl
icate ignored
<to be read again> 
                   \relax 
l.15 ...{C\-A\-N\-\_\-\-S\-E\-R\-V\-I\-Z\-I}~Can0}
                                                  \label{group___board__mode...
pdfTeX warning (ext4): destination with the same identifier (name{group___board
__model__group_ga15003800bba3fb64e770c6a920613419}) has been already used, dupl
icate ignored
<to be read again> 
                   \relax 
l.18 ...00bba3fb64e770c6a920613419}{A\-I\-Rcc}~48}
                                                  \label{group___board__mode...
pdfTeX warning (ext4): destination with the same identifier (name{group___board
__model__group_gab421578437964f5c645163739a0803e7}) has been already used, dupl
icate ignored
<to be read again> 
                   \relax 
l.21 ...7964f5c645163739a0803e7}{A\-I\-R\-Gnd}~49}
                                                  \label{group___board__mode...
pdfTeX warning (ext4): destination with the same identifier (name{group___board
__model__group_ga349316092037fdd0773335fab4e15ee8}) has been already used, dupl
icate ignored
<to be read again> 
                   \relax 
l.24 ...16092037fdd0773335fab4e15ee8}{P\-R\-E}~47}
                                                  \label{group___board__mode...
pdfTeX warning (ext4): destination with the same identifier (name{group___board
__model__group_ga145103118f6d9d1129aa4509cf214a13}) has been already used, dupl
icate ignored
<to be read again> 
                   \relax 
l.27 ...d1129aa4509cf214a13}{B\-U\-Z\-Z\-E\-R}~52}
                                                  \label{group___board__mode...
pdfTeX warning (ext4): destination with the same identifier (name{group___board
__model__group_ga78a99c4f7bcb7723d7bf21810c4ce09b}) has been already used, dupl
icate ignored
<to be read again> 
                   \relax 
l.30 ...f7bcb7723d7bf21810c4ce09b}{A\-I\-R\-B}~14}
                                                  \label{group___board__mode...
pdfTeX warning (ext4): destination with the same identifier (name{group___board
__model__group_ga1bcd7461cf494d3235f792bf3d814923}) has been already used, dupl
icate ignored
<to be read again> 
                   \relax 
l.33 ...1cf494d3235f792bf3d814923}{R\-T\-D\-B}~15}
                                                  \label{group___board__mode...
pdfTeX warning (ext4): destination with the same identifier (name{group___board
__model__group_gacd9448edb89c378d843fc3cb93a098d3}) has been already used, dupl
icate ignored
<to be read again> 
                   \relax 
l.36 ...448edb89c378d843fc3cb93a098d3}{F\-A\-N}~9}
                                                  \label{group___board__mode...
pdfTeX warning (ext4): destination with the same identifier (name{group___board
__model__group_gad6c9e9b63f53c664772ee858436e0ae9}) has been already used, dupl
icate ignored
<to be read again> 
                   \relax 
l.39 ...A\-N\-A\-L\-O\-G\-\_\-\-P\-I\-N}~D\-A\-C1}
                                                  \label{group___board__mode...
pdfTeX warning (ext4): destination with the same identifier (name{group___board
__model__group_ga604c7f4c9fe74f1d9877071bbee1c9e0}) has been already used, dupl
icate ignored
<to be read again> 
                   \relax 
l.42 ...-\-R\-E\-G\-E\-N\-\_\-\-P\-I\-N}~D\-A\-C0}
                                                  \label{group___board__mode...
pdfTeX warning (ext4): destination with the same identifier (name{group___board
__model__group_gae9aa914854f611488701c96a330b0bd4}) has been already used, dupl
icate ignored
<to be read again> 
                   \relax 
l.45 ...c96a330b0bd4}{T\-P\-S1\-\_\-\-P\-I\-N}~A0}
                                                  \label{group___board__mode...
pdfTeX warning (ext4): destination with the same identifier (name{group___board
__model__group_ga99b2a7dadaf495e3c559a46440f9141f}) has been already used, dupl
icate ignored
<to be read again> 
                   \relax 
l.48 ...M}~A\-D\-C\-\_\-\-C\-H\-E\-R\-\_\-\-C\-H7}
                                                  \label{group___board__mode...
pdfTeX warning (ext4): destination with the same identifier (name{group___board
__model__group_gab13a816bae3ca994897fc6f1cb590a67}) has been already used, dupl
icate ignored
<to be read again> 
                   \relax 
l.51 ...c6f1cb590a67}{T\-P\-S2\-\_\-\-P\-I\-N}~A1}
                                                  \label{group___board__mode...
pdfTeX warning (ext4): destination with the same identifier (name{group___board
__model__group_ga4cecb8c10512873904099a1a88d69ed3}) has been already used, dupl
icate ignored
<to be read again> 
                   \relax 
l.54 ...M}~A\-D\-C\-\_\-\-C\-H\-E\-R\-\_\-\-C\-H6}
                                                  \label{group___board__mode...
pdfTeX warning (ext4): destination with the same identifier (name{group___board
__model__group_gad632b56bf4c6259a390c3db91607078e}) has been already used, dupl
icate ignored
<to be read again> 
                   \relax 
l.57 ...607078e}{B\-R\-A\-K\-E\-\_\-\-P\-I\-N}~A2}
                                                  \label{group___board__mode...
pdfTeX warning (ext4): destination with the same identifier (name{group___board
__model__group_ga310547321c4a016c4ad19922920fadfd}) has been already used, dupl
icate ignored
<to be read again> 
                   \relax 
l.60 ...M}~A\-D\-C\-\_\-\-C\-H\-E\-R\-\_\-\-C\-H5}
                                                  \label{group___board__mode...
[27


]pdfTeX warning (ext4): destination with the same identifier (name{group___boar
d__model__group_gabbdb157ae4ad39d102935c21fa30d1c5}) has been already used, dup
licate ignored
<to be read again> 
                   \relax 
l.63 ...02935c21fa30d1c5}{S\-C\-\_\-\-P\-I\-N}~A3}
                                                  \label{group___board__mode...
pdfTeX warning (ext4): destination with the same identifier (name{group___board
__model__group_ga564adb575db2620ac85e3abdd6a5bbaf}) has been already used, dupl
icate ignored
<to be read again> 
                   \relax 
l.66 ...M}~A\-D\-C\-\_\-\-C\-H\-E\-R\-\_\-\-C\-H4}
                                                  \label{group___board__mode...

Underfull \hbox (badness 10000) detected at line 72
[][][]
 []


Underfull \hbox (badness 10000) detected at line 76
[][][]
 []

) (can__funzionale_8cpp.tex
Underfull \hbox (badness 10000) in paragraph at lines 9--13

 []

[28]pdfTeX warning (ext4): destination with the same identifier (name{group___c
_a_n__funzionale__group_ga8cd40fe9b965184307fe5886fcef6236}) has been already u
sed, duplicate ignored
<to be read again> 
                   \relax 
l.39 ...}{can\-\_\-funz\-\_\-initialized} = false}
                                                  \label{group___c_a_n__funz...
pdfTeX warning (ext4): destination with the same identifier (name{group___c_a_n
__funzionale__group_ga392f688b1edd69f29b48818a5b9b19ae}) has been already used,
 duplicate ignored
<to be read again> 
                   \relax 
l.42 ...8a5b9b19ae}{inverter\-\_\-online} = false}
                                                  \label{group___c_a_n__funz...
pdfTeX warning (ext4): destination with the same identifier (name{group___c_a_n
__funzionale__group_ga979fff19d884e9a83eecc2309b36ad0c}) has been already used,
 duplicate ignored
<to be read again> 
                   \relax 
l.45 ...36ad0c}{inverter\-\_\-configured} = false}
                                                  \label{group___c_a_n__funz...
pdfTeX warning (ext4): destination with the same identifier (name{group___c_a_n
__funzionale__group_ga99ead1878913db87bc7cc808a8392e21}) has been already used,
 duplicate ignored
<to be read again> 
                   \relax 
l.48 ...92e21}{torque\-\_\-actual\-\_\-value} = 0}
                                                  \label{group___c_a_n__funz...

Underfull \hbox (badness 10000) detected at line 54
[][][]
 []


Underfull \hbox (badness 10000) detected at line 58
[][][]
 []

) (can__funzionale_8h.tex
Underfull \hbox (badness 10000) in paragraph at lines 9--10

 []

[29]
Underfull \hbox (badness 10000) detected at line 28
[][][]
 []


Underfull \hbox (badness 10000) detected at line 32
[][][]
 []

) (_c_a_n___i_d_8h.texpdfTeX warning (ext4): destination with the same identifi
er (name{group___c_a_n__module__group_ga5703fd8de5ab8d0dcedb561f2178829e}) has 
been already used, duplicate ignored
<to be read again> 
                   \relax 
l.12 ...{V\-C\-U\-\_\-\-N\-O\-D\-E\-\_\-\-I\-D}~2}
                                                  \label{group___c_a_n__modu...
pdfTeX warning (ext4): destination with the same identifier (name{group___c_a_n
__funzionale__group_ga59ea82aec4abe07072cbdad555a8c1b9}) has been already used,
 duplicate ignored
<to be read again> 
                   \relax 
l.15 ...-T\-E\-R\-\_\-\-N\-O\-D\-E\-\_\-\-I\-D}~1}
                                                  \label{group___c_a_n__funz...
pdfTeX warning (ext4): destination with the same identifier (name{group___c_a_n
__servizi__group_ga8d64b6b4c0f02ebded5440c6250e03b9}) has been already used, du
plicate ignored
<to be read again> 
                   \relax 
l.18 ...-T\-A\-L\-\_\-\-N\-O\-D\-E\-\_\-\-I\-D}~1}
                                                  \label{group___c_a_n__serv...
pdfTeX warning (ext4): destination with the same identifier (name{group___c_a_n
__servizi__group_gaceef3f7366b39e88d89cb98ad8094c7b}) has been already used, du
plicate ignored
<to be read again> 
                   \relax 
l.21 ...{T\-C\-U\-\_\-\-N\-O\-D\-E\-\_\-\-I\-D}~4}
                                                  \label{group___c_a_n__serv...
[30]
Underfull \hbox (badness 10000) detected at line 27
[][][]
 []


Underfull \hbox (badness 10000) detected at line 31
[][][]
 []

) (can__servizi_8cpp.tex
Underfull \hbox (badness 10000) in paragraph at lines 9--12

 []

[31]pdfTeX warning (ext4): destination with the same identifier (name{group___c
_a_n__servizi__group_gaf351ebc02b2d28174f8e4b18ff9edf5f}) has been already used
, duplicate ignored
<to be read again> 
                   \relax 
l.46 ...}{can\-\_\-serv\-\_\-initialized} = false}
                                                  \label{group___c_a_n__serv...
pdfTeX warning (ext4): destination with the same identifier (name{group___c_a_n
__servizi__group_gafc26efcf97051372e70a8d0f2f0c79f0}) has been already used, du
plicate ignored
<to be read again> 
                   \relax 
l.49 ...f0}{S\-C\-U\-\_\-\-F\-\_\-online} = false}
                                                  \label{group___c_a_n__serv...
pdfTeX warning (ext4): destination with the same identifier (name{group___c_a_n
__servizi__group_gad3e88db55b4105026b7e451f853a796b}) has been already used, du
plicate ignored
<to be read again> 
                   \relax 
l.52 ...51f853a796b}{T\-C\-S\-\_\-online} = false}
                                                  \label{group___c_a_n__serv...
pdfTeX warning (ext4): destination with the same identifier (name{group___c_a_n
__servizi__group_gacad002b7cb06bffa8811859e6f53cb28}) has been already used, du
plicate ignored
<to be read again> 
                   \relax 
l.55 ...}{curr\-\_\-pedals\-\_\-seq\-\_\-num} = 0}
                                                  \label{group___c_a_n__serv...
pdfTeX warning (ext4): destination with the same identifier (name{group___c_a_n
__servizi__group_gadcbd4ad67b50cf61731266bf5c5ba158}) has been already used, du
plicate ignored
<to be read again> 
                   \relax 
l.58 ...}{next\-\_\-pedals\-\_\-seq\-\_\-num} = 0}
                                                  \label{group___c_a_n__serv...
pdfTeX warning (ext4): destination with the same identifier (name{group___c_a_n
__servizi__group_gaa9de48f5a49bc92a608ed315c087f3a6}) has been already used, du
plicate ignored
<to be read again> 
                   \relax 
l.67 ...5c087f3a6}{apps\-\_\-plausibility} = true}
                                                  \label{group___c_a_n__serv...
pdfTeX warning (ext4): destination with the same identifier (name{group___c_a_n
__servizi__group_gae505d69d6ac9d4e7e3c2268ca6cb20b3}) has been already used, du
plicate ignored
<to be read again> 
                   \relax 
l.70 ...a6cb20b3}{brake\-\_\-plausibility} = true}
                                                  \label{group___c_a_n__serv...
pdfTeX warning (ext4): destination with the same identifier (name{group___c_a_n
__servizi__group_gac6f04deffa2553115dad7c8b45e14d8b}) has been already used, du
plicate ignored
<to be read again> 
                   \relax 
l.73 ...ad7c8b45e14d8b}{tcs\-\_\-coefficient} = 0}
                                                  \label{group___c_a_n__serv...

Underfull \hbox (badness 10000) detected at line 79
[][][]
 []


Underfull \hbox (badness 10000) detected at line 83
[][][]
 []

) (can__servizi_8h.tex
Underfull \hbox (badness 10000) in paragraph at lines 9--10

 []

[32]
Underfull \hbox (badness 10000) detected at line 38
[][][]
 []


Underfull \hbox (badness 10000) detected at line 42
[][][]
 []

) (_c_o__can_8cpp.tex [33]
Underfull \hbox (badness 10000) in paragraph at lines 9--12

 []


Underfull \hbox (badness 10000) detected at line 20
[][][]
 []


Underfull \hbox (badness 10000) detected at line 24
[][][]
 []

) (_c_o__can_8h.tex
Underfull \hbox (badness 10000) in paragraph at lines 9--11

 []


Underfull \hbox (badness 10000) detected at line 19
[][][]
 []


Underfull \hbox (badness 10000) detected at line 23
[][][]
 []

) (common_8h.tex [34]
Underfull \hbox (badness 10000) in paragraph at lines 9--12

 []


Underfull \hbox (badness 10000) detected at line 39
[][][]
 []


Underfull \hbox (badness 10000) detected at line 43
[][][]
 []

) (model_8cpp.tex
Underfull \hbox (badness 10000) in paragraph at lines 9--13

 []

pdfTeX warning (ext4): destination with the same identifier (name{group___board
__model__group_ga602abb8ec84dcb3b6f854a738310ea46}) has been already used, dupl
icate ignored
<to be read again> 
                   \relax 
l.16 ...\-B\-U\-F\-F\-E\-R\-\_\-\-S\-I\-Z\-E}~128}
                                                  \label{group___board__mode...
pdfTeX warning (ext4): destination with the same identifier (name{group___board
__model__group_gaabe0f927d44a09f458bd5fe5ab4e2f7f}) has been already used, dupl
icate ignored
<to be read again> 
                   \relax 
l.19 ...#define {\bfseries B\-U\-F\-F\-E\-R\-S}~4}
                                                  \label{group___board__mode...
[35]pdfTeX warning (ext4): destination with the same identifier (name{group___b
oard__model__group_gaf0098a1eafb8a60a1c65773e1064d595}) has been already used, 
duplicate ignored
<to be read again> 
                   \relax 
l.22 ...65773e1064d595}{A\-D\-C\-\_\-\-M\-I\-N}~0}
                                                  \label{group___board__mode...
pdfTeX warning (ext4): destination with the same identifier (name{group___board
__model__group_ga555a695bf58df062dc03f0e892d95cd7}) has been already used, dupl
icate ignored
<to be read again> 
                   \relax 
l.25 ...0e892d95cd7}{A\-D\-C\-\_\-\-M\-A\-X}~4095}
                                                  \label{group___board__mode...
pdfTeX warning (ext4): destination with the same identifier (name{group___board
__model__group_ga3e1022cd2e2154437b583f7ff83f2960}) has been already used, dupl
icate ignored
<to be read again> 
                   \relax 
l.28 ...-\-P\-L\-A\-U\-S\-\_\-\-R\-A\-N\-G\-E}~10}
                                                  \label{group___board__mode...
pdfTeX warning (ext4): destination with the same identifier (name{group___board
__model__group_ga8b6fbd5b46174be3b86bc1ab5daa9080}) has been already used, dupl
icate ignored
<to be read again> 
                   \relax 
l.31 ...A\-D\-C\-\_\-\-C\-H\-A\-N\-\_\-\-N\-U\-M}}
                                                  \label{group___board__mode...
pdfTeX warning (ext4): destination with the same identifier (name{group___board
__model__group_ga065dcfa648ca52ed6214008cb177de36}) has been already used, dupl
icate ignored
<to be read again> 
                   \relax 
l.34 ...{A\-D\-C\-\_\-\-C\-H\-A\-N\-N\-E\-L\-S}~4}
                                                  \label{group___board__mode...
pdfTeX warning (ext4): destination with the same identifier (name{group___board
__model__group_ga7ce02d79fba23321a377a26a963e2bdf}) has been already used, dupl
icate ignored
<to be read again> 
                   \relax 
l.37 ...-\_\-\-A\-D\-C\-\_\-\-O\-F\-F\-S\-E\-T}~0}
                                                  \label{group___board__mode...
pdfTeX warning (ext4): destination with the same identifier (name{group___board
__model__group_ga24019e59e805c7acf8f816e141d3d689}) has been already used, dupl
icate ignored
<to be read again> 
                   \relax 
l.40 ...-\_\-\-A\-D\-C\-\_\-\-O\-F\-F\-S\-E\-T}~1}
                                                  \label{group___board__mode...
pdfTeX warning (ext4): destination with the same identifier (name{group___board
__model__group_gade98eccd60c9b68cde78ca4c0009a84c}) has been already used, dupl
icate ignored
<to be read again> 
                   \relax 
l.43 ...-\_\-\-A\-D\-C\-\_\-\-O\-F\-F\-S\-E\-T}~2}
                                                  \label{group___board__mode...
pdfTeX warning (ext4): destination with the same identifier (name{group___board
__model__group_ga58133efa918e1af6c0cc436137c78cc0}) has been already used, dupl
icate ignored
<to be read again> 
                   \relax 
l.46 ...-\_\-\-A\-D\-C\-\_\-\-O\-F\-F\-S\-E\-T}~3}
                                                  \label{group___board__mode...
pdfTeX warning (ext4): destination with the same identifier (name{group___board
__model__group_gaf7b7dc9a200cb1404c280bd500fd1551}) has been already used, dupl
icate ignored
<to be read again> 
                   \relax 
l.49 ...6}{A\-D\-C\-\_\-\-C\-H\-A\-N\-N\-E\-L\-S}}
                                                  \label{group___board__mode...
pdfTeX warning (ext4): destination with the same identifier (name{group___board
__model__group_ga6741cba3daf129b6f73eed1b1db09519}) has been already used, dupl
icate ignored
<to be read again> 
                   \relax 
l.52 ...-U\-P\-P\-E\-R\-\_\-\-B\-O\-U\-N\-D}~2482}
                                                  \label{group___board__mode...
pdfTeX warning (ext4): destination with the same identifier (name{group___board
__model__group_ga9c9aa914f6b372d9ef3f15ce4108da6a}) has been already used, dupl
icate ignored
<to be read again> 
                   \relax 
l.55 ...\-L\-O\-W\-E\-R\-\_\-\-B\-O\-U\-N\-D}~993}
                                                  \label{group___board__mode...
pdfTeX warning (ext4): destination with the same identifier (name{group___board
__model__group_gac8be8d89c699c40b79d04c0fdf6238f4}) has been already used, dupl
icate ignored
<to be read again> 
                   \relax 
l.58 ...-U\-P\-P\-E\-R\-\_\-\-B\-O\-U\-N\-D}~1241}
                                                  \label{group___board__mode...
pdfTeX warning (ext4): destination with the same identifier (name{group___board
__model__group_gadfcc723e175ac44e73e38407299ac875}) has been already used, dupl
icate ignored
<to be read again> 
                   \relax 
l.61 ...\-L\-O\-W\-E\-R\-\_\-\-B\-O\-U\-N\-D}~497}
                                                  \label{group___board__mode...
pdfTeX warning (ext4): destination with the same identifier (name{group___board
__model__group_ga891de03ab9e1bd9a92ffffe69a1b10ca}) has been already used, dupl
icate ignored
<to be read again> 
                   \relax 
l.64 ...\-\-U\-P\-P\-E\-R\-\_\-\-B\-O\-U\-N\-D}~0}
                                                  \label{group___board__mode...
pdfTeX warning (ext4): destination with the same identifier (name{group___board
__model__group_ga0aed20cafcc206360abda47b125432c7}) has been already used, dupl
icate ignored
<to be read again> 
                   \relax 
l.67 ...dc03f0e892d95cd7}{A\-D\-C\-\_\-\-M\-A\-X}}
                                                  \label{group___board__mode...
pdfTeX warning (ext4): destination with the same identifier (name{group___board
__model__group_gaedc241164d501dcbc52cde232333c9cf}) has been already used, dupl
icate ignored
<to be read again> 
                   \relax 
l.73 ...oid {\bfseries A\-D\-C\-\_\-\-Handler} ()}
                                                  \label{group___board__mode...
[36]pdfTeX warning (ext4): destination with the same identifier (name{group___b
oard__model__group_ga7c7f5690cca986bc3fb2f6dcbda24690}) has been already used, 
duplicate ignored
<to be read again> 
                   \relax 
l.93 ...series tps1\-\_\-adc\-\_\-percentage} = 0}
                                                  \label{group___board__mode...
pdfTeX warning (ext4): destination with the same identifier (name{group___board
__model__group_gae1f465253d690605c0948394a3f055f4}) has been already used, dupl
icate ignored
<to be read again> 
                   \relax 
l.96 ...series tps2\-\_\-adc\-\_\-percentage} = 0}
                                                  \label{group___board__mode...
pdfTeX warning (ext4): destination with the same identifier (name{group___board
__model__group_ga709add26e40f60e3add32981ea2a5868}) has been already used, dupl
icate ignored
<to be read again> 
                   \relax 
l.99 ...eries brake\-\_\-adc\-\_\-percentage} = 0}
                                                  \label{group___board__mode...
pdfTeX warning (ext4): destination with the same identifier (name{group___board
__model__group_ga3e919d1e6477d52b4ccddd497351d3ec}) has been already used, dupl
icate ignored
<to be read again> 
                   \relax 
l.102 ...{apps\-\_\-adc\-\_\-plausibility} = true}
                                                  \label{group___board__mode...
pdfTeX warning (ext4): destination with the same identifier (name{group___board
__model__group_gaf6aa7f974533c4306128757d0634572a}) has been already used, dupl
icate ignored
<to be read again> 
                   \relax 
l.105 ...brake\-\_\-adc\-\_\-plausibility} = true}
                                                  \label{group___board__mode...
pdfTeX warning (ext4): destination with the same identifier (name{group___board
__model__group_ga3d6043851868b7da3c1d6381f835a559}) has been already used, dupl
icate ignored
<to be read again> 
                   \relax 
l.108 ...da3c1d6381f835a559}{tps1\-\_\-value} = 0}
                                                  \label{group___board__mode...
pdfTeX warning (ext4): destination with the same identifier (name{group___board
__model__group_gaa8a9b03858f40eadfd5d3d6c3e266834}) has been already used, dupl
icate ignored
<to be read again> 
                   \relax 
l.111 ...adfd5d3d6c3e266834}{tps2\-\_\-value} = 0}
                                                  \label{group___board__mode...
pdfTeX warning (ext4): destination with the same identifier (name{group___board
__model__group_gad7966e70fb4bebc6947eb3fbb059a3c9}) has been already used, dupl
icate ignored
<to be read again> 
                   \relax 
l.114 ...6947eb3fbb059a3c9}{brake\-\_\-value} = 0}
                                                  \label{group___board__mode...
pdfTeX warning (ext4): destination with the same identifier (name{group___board
__model__group_ga0b4151ed3267a5fae4789f4b3ffe7bbd}) has been already used, dupl
icate ignored
<to be read again> 
                   \relax 
l.117 ...fae4789f4b3ffe7bbd}{S\-C\-\_\-value} = 0}
                                                  \label{group___board__mode...
pdfTeX warning (ext4): destination with the same identifier (name{group___board
__model__group_gaf1d46fb483b2a63c3da25c11688af7c4}) has been already used, dupl
icate ignored
<to be read again> 
                   \relax 
l.120 ...\-\_\-t {\bfseries tps1\-\_\-max} = 2482}
                                                  \label{group___board__mode...
pdfTeX warning (ext4): destination with the same identifier (name{group___board
__model__group_ga51d40eb16833e50f71e595ab0a45795e}) has been already used, dupl
icate ignored
<to be read again> 
                   \relax 
l.123 ...6\-\_\-t {\bfseries tps1\-\_\-low} = 993}
                                                  \label{group___board__mode...
pdfTeX warning (ext4): destination with the same identifier (name{group___board
__model__group_ga53381436ea8db96c356db8b305bec988}) has been already used, dupl
icate ignored
<to be read again> 
                   \relax 
l.126 ...\-\_\-t {\bfseries tps2\-\_\-max} = 1241}
                                                  \label{group___board__mode...
pdfTeX warning (ext4): destination with the same identifier (name{group___board
__model__group_gab03e92ec2b5f742e5a147a6589d3975e}) has been already used, dupl
icate ignored
<to be read again> 
                   \relax 
l.129 ...6\-\_\-t {\bfseries tps2\-\_\-low} = 497}
                                                  \label{group___board__mode...
pdfTeX warning (ext4): destination with the same identifier (name{group___board
__model__group_ga744857a9bc060647cfc4ad47017c5bee}) has been already used, dupl
icate ignored
<to be read again> 
                   \relax 
l.132 ...16\-\_\-t {\bfseries brake\-\_\-max} = 0}
                                                  \label{group___board__mode...
pdfTeX warning (ext4): destination with the same identifier (name{group___board
__model__group_gaaf843a7e652e5cf9b270d0b211be937c}) has been already used, dupl
icate ignored
<to be read again> 
                   \relax 
l.135 ...-\_\-t {\bfseries brake\-\_\-low} = 4095}
                                                  \label{group___board__mode...
pdfTeX warning (ext4): destination with the same identifier (name{group___board
__model__group_gad2658b77f345b15c03759c02d1ba0e81}) has been already used, dupl
icate ignored
<to be read again> 
                   \relax 
l.138 ...2d1ba0e81}{volatile int {\bfseries bufn}}
                                                  \label{group___board__mode...
pdfTeX warning (ext4): destination with the same identifier (name{group___board
__model__group_gafef4d6ed48b3edc5f7a74defba82e7d8}) has been already used, dupl
icate ignored
<to be read again> 
                   \relax 
l.141 ...ba82e7d8}{volatile int {\bfseries obufn}}
                                                  \label{group___board__mode...
pdfTeX warning (ext4): destination with the same identifier (name{group___board
__model__group_gabaadbcc3b48e8ec3798741a74a672046}) has been already used, dupl
icate ignored
<to be read again> 
                   \relax 
l.144 ...x{[}4\mbox{]}\mbox{[}128 $\ast$4\mbox{]}}
                                                  \label{group___board__mode...
pdfTeX warning (ext4): destination with the same identifier (name{group___board
__model__group_ga481292a7bd814aefcdc2deb9872f5421}) has been already used, dupl
icate ignored
<to be read again> 
                   \relax 
l.147 ...atile bool {\bfseries calibrate} = false}
                                                  \label{group___board__mode...

Underfull \hbox (badness 10000) detected at line 153
[][][]
 []


Underfull \hbox (badness 10000) detected at line 157
[][][]
 []

) (model_8h.tex [37]
Underfull \hbox (badness 10000) in paragraph at lines 9--10

 []

pdfTeX warning (ext4): destination with the same identifier (name{group___board
__model__group_ga56b9cca331f294c3249df72b9f37ff2a}) has been already used, dupl
icate ignored
<to be read again> 
                   \relax 
l.27 ...s model\-\_\-enable\-\_\-calibrations} ()}
                                                  \label{group___board__mode...
pdfTeX warning (ext4): destination with the same identifier (name{group___board
__model__group_ga8ce089b65afda1dee23f7ecefd0cb873}) has been already used, dupl
icate ignored
<to be read again> 
                   \relax 
l.30 ... model\-\_\-disable\-\_\-calibrations} ()}
                                                  \label{group___board__mode...

Underfull \hbox (badness 10000) detected at line 36
[][][]
 []


Underfull \hbox (badness 10000) detected at line 40
[][][]
 []

) (_v_c_u_8ino.tex
Underfull \hbox (badness 10000) in paragraph at lines 9--14

 []

[38]
Underfull \hbox (badness 10000) detected at line 24
[][][]
 []


Underfull \hbox (badness 10000) detected at line 28
[][][]
 []


Underfull \hbox (badness 10000) detected at line 49
[][][]
 []

LaTeX Font Info:    Font shape `T1/phv/m/n' will be
(Font)              scaled to size 7.19995pt on input line 68.

Underfull \hbox (badness 10000) detected at line 80
[][][]
 []

) [39] (refman.ind [40

] [41

])
Package atveryend Info: Empty hook `BeforeClearDocument' on input line 169.
Package atveryend Info: Empty hook `AfterLastShipout' on input line 169.
 (refman.aux (group___c_a_n__funzionale__group.aux) (group___c_a_n__servizi__gr
oup.aux) (group___board__model__group.aux))
Package atveryend Info: Executing hook `AtVeryEndDocument' on input line 169.
Package atveryend Info: Executing hook `AtEndAfterFileList' on input line 169.
Package rerunfilecheck Info: File `refman.out' has not changed.
(rerunfilecheck)             Checksum: CBFB489B51EF189E3CD64C61FEA213C1;13992.


LaTeX Warning: There were undefined references.


LaTeX Warning: There were multiply-defined labels.

Package atveryend Info: Empty hook `AtVeryVeryEnd' on input line 169.
 ) 
Here is how much of TeX's memory you used:
 12575 strings out of 492973
 188293 string characters out of 3135933
 267493 words of memory out of 3000000
 15903 multiletter control sequences out of 15000+200000
 80145 words of font info for 109 fonts, out of 3000000 for 9000
 1141 hyphenation exceptions out of 8191
 48i,13n,43p,1017b,526s stack positions out of 5000i,500n,10000p,200000b,50000s
pdfTeX warning (dest): name{_v_c_u_8ino_source} has been referenced but does 
not exist, replaced by a fixed one

pdfTeX warning (dest): name{model_8h_source} has been referenced but does not e
xist, replaced by a fixed one

pdfTeX warning (dest): name{model_8cpp_source} has been referenced but does not
 exist, replaced by a fixed one

pdfTeX warning (dest): name{common_8h_source} has been referenced but does not 
exist, replaced by a fixed one

pdfTeX warning (dest): name{_c_o__can_8h_source} has been referenced but does n
ot exist, replaced by a fixed one

pdfTeX warning (dest): name{_c_o__can_8cpp_source} has been referenced but does
 not exist, replaced by a fixed one

pdfTeX warning (dest): name{can__servizi_8h_source} has been referenced but doe
s not exist, replaced by a fixed one

pdfTeX warning (dest): name{can__servizi_8cpp_source} has been referenced but d
oes not exist, replaced by a fixed one

pdfTeX warning (dest): name{_c_a_n___i_d_8h_source} has been referenced but doe
s not exist, replaced by a fixed one

pdfTeX warning (dest): name{can__funzionale_8h_source} has been referenced but 
does not exist, replaced by a fixed one

pdfTeX warning (dest): name{can__funzionale_8cpp_source} has been referenced bu
t does not exist, replaced by a fixed one

pdfTeX warning (dest): name{board__pinout_8h_source} has been referenced but do
es not exist, replaced by a fixed one

{C:/Program Files/MiKTeX 2.9/fonts/enc/dvips/base/8r.enc}<C:/Program Files/MiKT
eX 2.9/fonts/type1/public/amsfonts/cm/cmmi10.pfb><C:/Program Files/MiKTeX 2.9/f
onts/type1/public/amsfonts/cm/cmsy10.pfb><C:/Program Files/MiKTeX 2.9/fonts/typ
e1/urw/courier/ucrr8a.pfb><C:/Program Files/MiKTeX 2.9/fonts/type1/urw/helvetic
/uhvb8a.pfb><C:/Program Files/MiKTeX 2.9/fonts/type1/urw/helvetic/uhvb8ac.pfb><
C:/Program Files/MiKTeX 2.9/fonts/type1/urw/helvetic/uhvbo8ac.pfb><C:/Program F
iles/MiKTeX 2.9/fonts/type1/urw/helvetic/uhvr8a.pfb><C:/Program Files/MiKTeX 2.
9/fonts/type1/urw/helvetic/uhvro8a.pfb>
Output written on refman.pdf (47 pages, 353521 bytes).
PDF statistics:
 1355 PDF objects out of 1440 (max. 8388607)
 304 named destinations out of 1000 (max. 500000)
 673 words of extra memory for PDF output out of 10000 (max. 10000000)

